2016/12/31 05:37:16.421,[org.usfirst.frc.team5461.robot.Robot] INFO,Starting robotInit
2016/12/31 05:37:18.611,[org.usfirst.frc.team5461.robot.subsystems.DriveTrainLeft] INFO,0.0,0.0,0.0,0.0,0.0
2016/12/31 05:37:18.623,[org.usfirst.frc.team5461.robot.subsystems.DriveTrainLeft] INFO,0.0,0.0,0.0,0.0,0.0
2016/12/31 05:37:18.642,[org.usfirst.frc.team5461.robot.subsystems.DriveTrainLeft] INFO,0.0,0.0,0.0,0.0,0.0
2016/12/31 05:37:18.664,[org.usfirst.frc.team5461.robot.subsystems.DriveTrainLeft] INFO,0.0,0.0,0.0,0.0,0.0
2016/12/31 05:37:18.683,[org.usfirst.frc.team5461.robot.subsystems.DriveTrainLeft] INFO,0.0,0.0,0.0,0.0,0.0
2016/12/31 05:37:18.702,[org.usfirst.frc.team5461.robot.subsystems.DriveTrainLeft] INFO,0.0,0.0,0.0,0.0,0.0
2016/12/31 05:37:18.721,[org.usfirst.frc.team5461.robot.subsystems.DriveTrainLeft] INFO,0.0,0.0,0.0,0.0,0.0
2016/12/31 05:37:18.741,[org.usfirst.frc.team5461.robot.subsystems.DriveTrainLeft] INFO,0.0,0.0,0.0,0.0,0.0
2016/12/31 05:37:18.763,[org.usfirst.frc.team5461.robot.subsystems.DriveTrainLeft] INFO,0.0,0.0,0.0,0.0,0.0
2016/12/31 05:37:18.781,[org.usfirst.frc.team5461.robot.subsystems.DriveTrainLeft] INFO,0.0,0.0,0.0,0.0,0.0
2016/12/31 05:37:18.801,[org.usfirst.frc.team5461.robot.subsystems.DriveTrainLeft] INFO,0.0,0.0,0.0,0.0,0.0
2016/12/31 05:37:18.822,[org.usfirst.frc.team5461.robot.subsystems.DriveTrainLeft] INFO,0.0,0.0,0.0,0.0,0.0
2016/12/31 05:37:18.842,[org.usfirst.frc.team5461.robot.subsystems.DriveTrainLeft] INFO,0.0,0.0,0.0,0.0,0.0
2016/12/31 05:37:18.864,[org.usfirst.frc.team5461.robot.subsystems.DriveTrainLeft] INFO,0.0,0.0,0.0,0.0,0.0
2016/12/31 05:37:18.882,[org.usfirst.frc.team5461.robot.subsystems.DriveTrainLeft] INFO,0.0,0.0,0.0,0.0,0.0
2016/12/31 05:37:18.902,[org.usfirst.frc.team5461.robot.subsystems.DriveTrainLeft] INFO,0.0,0.0,0.0,0.0,0.0
2016/12/31 05:37:18.922,[org.usfirst.frc.team5461.robot.subsystems.DriveTrainLeft] INFO,0.0,0.0,0.0,0.0,0.0
2016/12/31 05:37:18.943,[org.usfirst.frc.team5461.robot.subsystems.DriveTrainLeft] INFO,0.0,0.0,0.0,0.0,0.0
2016/12/31 05:37:18.963,[org.usfirst.frc.team5461.robot.subsystems.DriveTrainLeft] INFO,0.0,0.0,0.0,0.0,0.0
2016/12/31 05:37:18.981,[org.usfirst.frc.team5461.robot.subsystems.DriveTrainLeft] INFO,0.0,0.0,0.0,0.0,0.0
2016/12/31 05:37:19.001,[org.usfirst.frc.team5461.robot.subsystems.DriveTrainLeft] INFO,0.0,0.0,0.0,0.0,0.0
2016/12/31 05:37:19.022,[org.usfirst.frc.team5461.robot.subsystems.DriveTrainLeft] INFO,0.0,0.0,0.0,0.0,0.0
2016/12/31 05:37:19.041,[org.usfirst.frc.team5461.robot.subsystems.DriveTrainLeft] INFO,0.0,0.0,0.0,0.0,0.0
2016/12/31 05:37:19.064,[org.usfirst.frc.team5461.robot.subsystems.DriveTrainLeft] INFO,0.0,0.0,0.0,0.0,0.0
2016/12/31 05:37:19.082,[org.usfirst.frc.team5461.robot.subsystems.DriveTrainLeft] INFO,0.0,0.0,0.0,0.0,0.0
2016/12/31 05:37:19.102,[org.usfirst.frc.team5461.robot.subsystems.DriveTrainLeft] INFO,0.0,0.0,0.0,0.0,0.0
2016/12/31 05:37:19.124,[org.usfirst.frc.team5461.robot.subsystems.DriveTrainLeft] INFO,0.0,0.0,0.0,0.0,0.0
2016/12/31 05:37:19.141,[org.usfirst.frc.team5461.robot.subsystems.DriveTrainLeft] INFO,0.0,0.0,0.0,0.0,0.0
2016/12/31 05:37:19.164,[org.usfirst.frc.team5461.robot.subsystems.DriveTrainLeft] INFO,0.0,0.0,0.0,0.0,0.0
2016/12/31 05:37:19.181,[org.usfirst.frc.team5461.robot.subsystems.DriveTrainLeft] INFO,0.0,0.0,0.0,0.0,0.0
2016/12/31 05:37:19.203,[org.usfirst.frc.team5461.robot.subsystems.DriveTrainLeft] INFO,0.0,0.0,0.0,0.0,0.0
2016/12/31 05:37:19.223,[org.usfirst.frc.team5461.robot.subsystems.DriveTrainLeft] INFO,0.0,0.0,0.0,0.0,0.0
2016/12/31 05:37:19.242,[org.usfirst.frc.team5461.robot.subsystems.DriveTrainLeft] INFO,0.0,0.0,0.0,0.0,0.0
2016/12/31 05:37:19.265,[org.usfirst.frc.team5461.robot.subsystems.DriveTrainLeft] INFO,0.0,0.0,0.0,0.0,0.0
2016/12/31 05:37:19.282,[org.usfirst.frc.team5461.robot.subsystems.DriveTrainLeft] INFO,0.0,0.0,0.0,0.0,0.0
2016/12/31 05:37:19.302,[org.usfirst.frc.team5461.robot.subsystems.DriveTrainLeft] INFO,0.0,0.0,0.0,0.0,0.0
2016/12/31 05:37:19.322,[org.usfirst.frc.team5461.robot.subsystems.DriveTrainLeft] INFO,0.0,0.0,0.0,0.0,0.0
2016/12/31 05:37:19.343,[org.usfirst.frc.team5461.robot.subsystems.DriveTrainLeft] INFO,0.0,0.0,0.0,0.0,0.0
2016/12/31 05:37:19.364,[org.usfirst.frc.team5461.robot.subsystems.DriveTrainLeft] INFO,0.0,0.0,0.0,0.0,0.0
2016/12/31 05:37:19.382,[org.usfirst.frc.team5461.robot.subsystems.DriveTrainLeft] INFO,0.0,0.0,0.0,0.0,0.0
2016/12/31 05:37:19.402,[org.usfirst.frc.team5461.robot.subsystems.DriveTrainLeft] INFO,0.0,0.0,0.0,0.0,0.0
2016/12/31 05:37:19.422,[org.usfirst.frc.team5461.robot.subsystems.DriveTrainLeft] INFO,0.0,0.0,0.0,0.0,0.0
2016/12/31 05:37:19.443,[org.usfirst.frc.team5461.robot.subsystems.DriveTrainLeft] INFO,0.0,0.0,0.0,0.0,0.0
2016/12/31 05:37:19.464,[org.usfirst.frc.team5461.robot.subsystems.DriveTrainLeft] INFO,0.0,0.0,0.0,0.0,0.0
2016/12/31 05:37:19.482,[org.usfirst.frc.team5461.robot.subsystems.DriveTrainLeft] INFO,0.0,0.0,0.0,0.0,0.0
2016/12/31 05:37:19.502,[org.usfirst.frc.team5461.robot.subsystems.DriveTrainLeft] INFO,0.0,0.0,0.0,0.0,0.0
2016/12/31 05:37:19.522,[org.usfirst.frc.team5461.robot.subsystems.DriveTrainLeft] INFO,0.0,0.0,0.0,0.0,0.0
2016/12/31 05:37:19.541,[org.usfirst.frc.team5461.robot.subsystems.DriveTrainLeft] INFO,0.0,0.0,0.0,0.0,0.0
2016/12/31 05:37:19.563,[org.usfirst.frc.team5461.robot.subsystems.DriveTrainLeft] INFO,0.0,0.0,0.0,0.0,0.0
2016/12/31 05:37:19.581,[org.usfirst.frc.team5461.robot.subsystems.DriveTrainLeft] INFO,0.0,0.0,0.0,0.0,0.0
2016/12/31 05:37:19.602,[org.usfirst.frc.team5461.robot.subsystems.DriveTrainLeft] INFO,0.0,0.0,0.0,0.0,0.0
2016/12/31 05:37:19.621,[org.usfirst.frc.team5461.robot.subsystems.DriveTrainLeft] INFO,0.0,0.0,0.0,0.0,0.0
2016/12/31 05:37:19.642,[org.usfirst.frc.team5461.robot.subsystems.DriveTrainLeft] INFO,0.0,0.0,0.0,0.0,0.0
2016/12/31 05:37:19.664,[org.usfirst.frc.team5461.robot.subsystems.DriveTrainLeft] INFO,0.0,0.0,0.0,0.0,0.0
2016/12/31 05:37:19.682,[org.usfirst.frc.team5461.robot.subsystems.DriveTrainLeft] INFO,0.0,0.0,0.0,0.0,0.0
2016/12/31 05:37:19.702,[org.usfirst.frc.team5461.robot.subsystems.DriveTrainLeft] INFO,0.0,0.0,0.0,0.0,0.0
2016/12/31 05:37:19.722,[org.usfirst.frc.team5461.robot.subsystems.DriveTrainLeft] INFO,0.0,0.0,0.0,0.0,0.0
2016/12/31 05:37:19.743,[org.usfirst.frc.team5461.robot.subsystems.DriveTrainLeft] INFO,0.0,0.0,0.0,0.0,0.0
2016/12/31 05:37:19.764,[org.usfirst.frc.team5461.robot.subsystems.DriveTrainLeft] INFO,0.0,0.0,0.0,0.0,0.0
2016/12/31 05:37:19.782,[org.usfirst.frc.team5461.robot.subsystems.DriveTrainLeft] INFO,0.0,0.0,0.0,0.0,0.0
2016/12/31 05:37:19.801,[org.usfirst.frc.team5461.robot.subsystems.DriveTrainLeft] INFO,0.0,0.0,0.0,0.0,0.0
2016/12/31 05:37:19.822,[org.usfirst.frc.team5461.robot.subsystems.DriveTrainLeft] INFO,0.0,0.0,0.0,0.0,0.0
2016/12/31 05:37:19.842,[org.usfirst.frc.team5461.robot.subsystems.DriveTrainLeft] INFO,0.0,0.0,0.0,0.0,0.0
2016/12/31 05:37:19.864,[org.usfirst.frc.team5461.robot.subsystems.DriveTrainLeft] INFO,0.0,0.0,0.0,0.0,0.0
2016/12/31 05:37:19.882,[org.usfirst.frc.team5461.robot.subsystems.DriveTrainLeft] INFO,0.0,0.0,0.0,0.0,0.0
2016/12/31 05:37:19.903,[org.usfirst.frc.team5461.robot.subsystems.DriveTrainLeft] INFO,0.0,0.0,0.0,0.0,0.0
2016/12/31 05:37:19.921,[org.usfirst.frc.team5461.robot.subsystems.DriveTrainLeft] INFO,0.0,0.0,0.0,0.0,0.0
2016/12/31 05:37:19.943,[org.usfirst.frc.team5461.robot.subsystems.DriveTrainLeft] INFO,0.0,0.0,0.0,0.0,0.0
2016/12/31 05:37:19.963,[org.usfirst.frc.team5461.robot.subsystems.DriveTrainLeft] INFO,0.0,0.0,0.0,0.0,0.0
2016/12/31 05:37:19.982,[org.usfirst.frc.team5461.robot.subsystems.DriveTrainLeft] INFO,0.0,0.0,0.0,0.0,0.0
2016/12/31 05:37:20.001,[org.usfirst.frc.team5461.robot.subsystems.DriveTrainLeft] INFO,0.0,0.0,0.0,0.0,0.0
2016/12/31 05:37:20.022,[org.usfirst.frc.team5461.robot.subsystems.DriveTrainLeft] INFO,0.0,0.0,0.0,0.0,0.0
2016/12/31 05:37:20.042,[org.usfirst.frc.team5461.robot.subsystems.DriveTrainLeft] INFO,0.0,0.0,0.0,0.0,0.0
2016/12/31 05:37:20.063,[org.usfirst.frc.team5461.robot.subsystems.DriveTrainLeft] INFO,0.0,0.0,0.0,0.0,0.0
2016/12/31 05:37:20.083,[org.usfirst.frc.team5461.robot.subsystems.DriveTrainLeft] INFO,0.0,0.0,0.0,0.0,0.0
2016/12/31 05:37:20.101,[org.usfirst.frc.team5461.robot.subsystems.DriveTrainLeft] INFO,0.0,0.0,0.0,0.0,0.0
2016/12/31 05:37:20.122,[org.usfirst.frc.team5461.robot.subsystems.DriveTrainLeft] INFO,0.0,0.0,0.0,0.0,0.0
2016/12/31 05:37:20.141,[org.usfirst.frc.team5461.robot.subsystems.DriveTrainLeft] INFO,0.0,0.0,0.0,0.0,0.0
2016/12/31 05:37:20.167,[org.usfirst.frc.team5461.robot.subsystems.DriveTrainLeft] INFO,0.0,0.0,0.0,0.0,0.0
2016/12/31 05:37:20.183,[org.usfirst.frc.team5461.robot.subsystems.DriveTrainLeft] INFO,0.0,0.0,0.0,0.0,0.0
2016/12/31 05:37:20.202,[org.usfirst.frc.team5461.robot.subsystems.DriveTrainLeft] INFO,0.0,0.0,0.0,0.0,0.0
2016/12/31 05:37:20.221,[org.usfirst.frc.team5461.robot.subsystems.DriveTrainLeft] INFO,0.0,0.0,0.0,0.0,0.0
2016/12/31 05:37:20.241,[org.usfirst.frc.team5461.robot.subsystems.DriveTrainLeft] INFO,0.0,0.0,0.0,0.0,0.0
2016/12/31 05:37:20.264,[org.usfirst.frc.team5461.robot.subsystems.DriveTrainLeft] INFO,0.0,0.0,0.0,0.0,0.0
2016/12/31 05:37:20.284,[org.usfirst.frc.team5461.robot.subsystems.DriveTrainLeft] INFO,0.0,0.0,0.0,0.0,0.0
2016/12/31 05:37:20.302,[org.usfirst.frc.team5461.robot.subsystems.DriveTrainLeft] INFO,0.0,0.0,0.0,0.0,0.0
2016/12/31 05:37:20.323,[org.usfirst.frc.team5461.robot.subsystems.DriveTrainLeft] INFO,0.0,0.0,0.0,0.0,0.0
2016/12/31 05:37:20.343,[org.usfirst.frc.team5461.robot.subsystems.DriveTrainLeft] INFO,0.0,0.0,0.0,0.0,0.0
2016/12/31 05:37:20.364,[org.usfirst.frc.team5461.robot.subsystems.DriveTrainLeft] INFO,0.0,0.0,0.0,0.0,0.0
2016/12/31 05:37:20.382,[org.usfirst.frc.team5461.robot.subsystems.DriveTrainLeft] INFO,0.0,0.0,0.0,0.0,0.0
2016/12/31 05:37:20.402,[org.usfirst.frc.team5461.robot.subsystems.DriveTrainLeft] INFO,0.0,0.0,0.0,0.0,0.0
2016/12/31 05:37:20.422,[org.usfirst.frc.team5461.robot.subsystems.DriveTrainLeft] INFO,0.0,0.0,0.0,0.0,0.0
2016/12/31 05:37:20.442,[org.usfirst.frc.team5461.robot.subsystems.DriveTrainLeft] INFO,0.0,0.0,0.0,0.0,0.0
2016/12/31 05:37:20.464,[org.usfirst.frc.team5461.robot.subsystems.DriveTrainLeft] INFO,0.0,0.0,0.0,0.0,0.0
2016/12/31 05:37:20.483,[org.usfirst.frc.team5461.robot.subsystems.DriveTrainLeft] INFO,0.0,0.0,0.0,0.0,0.0
2016/12/31 05:37:20.502,[org.usfirst.frc.team5461.robot.subsystems.DriveTrainLeft] INFO,0.0,0.0,0.0,0.0,0.0
2016/12/31 05:37:20.522,[org.usfirst.frc.team5461.robot.subsystems.DriveTrainLeft] INFO,0.0,0.0,0.0,0.0,0.0
2016/12/31 05:37:20.543,[org.usfirst.frc.team5461.robot.subsystems.DriveTrainLeft] INFO,0.0,0.0,0.0,0.0,0.0
2016/12/31 05:37:20.562,[org.usfirst.frc.team5461.robot.subsystems.DriveTrainLeft] INFO,0.1015625,0.0,0.0,0.0,0.0
2016/12/31 05:37:20.583,[org.usfirst.frc.team5461.robot.subsystems.DriveTrainLeft] INFO,0.1015625,0.0,0.0,0.0,0.10157265625
2016/12/31 05:37:20.602,[org.usfirst.frc.team5461.robot.subsystems.DriveTrainLeft] INFO,0.1015625,0.0,0.0,0.0,0.10157265625
2016/12/31 05:37:20.622,[org.usfirst.frc.team5461.robot.subsystems.DriveTrainLeft] INFO,0.1171875,0.0,0.0,0.0,0.1015828125
2016/12/31 05:37:20.642,[org.usfirst.frc.team5461.robot.subsystems.DriveTrainLeft] INFO,0.1171875,0.0,0.0,0.0,0.1015828125
2016/12/31 05:37:20.661,[org.usfirst.frc.team5461.robot.subsystems.DriveTrainLeft] INFO,0.125,0.0,0.0,0.0,0.1015828125
2016/12/31 05:37:20.682,[org.usfirst.frc.team5461.robot.subsystems.DriveTrainLeft] INFO,0.125,0.0,0.0,0.0,0.1250328125
2016/12/31 05:37:20.702,[org.usfirst.frc.team5461.robot.subsystems.DriveTrainLeft] INFO,0.1328125,0.0,0.0,0.0,0.1250328125
2016/12/31 05:37:20.735,[org.usfirst.frc.team5461.robot.subsystems.DriveTrainLeft] INFO,0.1484375,0.0,0.0,0.0,0.13285859375
2016/12/31 05:37:20.753,[org.usfirst.frc.team5461.robot.subsystems.DriveTrainLeft] INFO,0.171875,0.0,0.0,0.0,0.13285859375
2016/12/31 05:37:20.789,[org.usfirst.frc.team5461.robot.subsystems.DriveTrainLeft] INFO,0.2109375,-0.003125,-0.003125,-9.765625E-6,0.1719382822265625
2016/12/31 05:37:20.803,[org.usfirst.frc.team5461.robot.subsystems.DriveTrainLeft] INFO,0.2265625,-0.003125,-0.003125,-9.765625E-6,0.1719382822265625
2016/12/31 05:37:20.822,[org.usfirst.frc.team5461.robot.subsystems.DriveTrainLeft] INFO,0.2421875,-0.003125,-0.003125,-9.765625E-6,0.226648439453125
2016/12/31 05:37:20.847,[org.usfirst.frc.team5461.robot.subsystems.DriveTrainLeft] INFO,0.265625,-0.003125,-0.003125,-9.765625E-6,0.226648439453125
2016/12/31 05:37:20.870,[org.usfirst.frc.team5461.robot.subsystems.DriveTrainLeft] INFO,0.28125,-0.046875,-0.046875,-1.46484375E-4,0.2657375166015625
2016/12/31 05:37:20.896,[org.usfirst.frc.team5461.robot.subsystems.DriveTrainLeft] INFO,0.2890625,-0.046875,-0.046875,-1.46484375E-4,0.2657375166015625
2016/12/31 05:37:20.922,[org.usfirst.frc.team5461.robot.subsystems.DriveTrainLeft] INFO,0.3203125,-0.046875,-0.046875,-1.46484375E-4,0.2892039375
2016/12/31 05:37:20.942,[org.usfirst.frc.team5461.robot.subsystems.DriveTrainLeft] INFO,0.3515625,-0.046875,-0.046875,-1.46484375E-4,0.2892039375
2016/12/31 05:37:20.961,[org.usfirst.frc.team5461.robot.subsystems.DriveTrainLeft] INFO,0.3828125,-0.046875,-0.046875,-1.46484375E-4,0.2892039375
2016/12/31 05:37:20.982,[org.usfirst.frc.team5461.robot.subsystems.DriveTrainLeft] INFO,0.40625,-0.125,-0.125,-3.90625E-4,0.3829922578125
2016/12/31 05:37:21.003,[org.usfirst.frc.team5461.robot.subsystems.DriveTrainLeft] INFO,0.4375,-0.125,-0.125,-3.90625E-4,0.3829922578125
2016/12/31 05:37:21.022,[org.usfirst.frc.team5461.robot.subsystems.DriveTrainLeft] INFO,0.46875,-0.125,-0.125,-3.90625E-4,0.437723546875
2016/12/31 05:37:21.042,[org.usfirst.frc.team5461.robot.subsystems.DriveTrainLeft] INFO,0.5078125,-0.125,-0.125,-3.90625E-4,0.437723546875
2016/12/31 05:37:21.062,[org.usfirst.frc.team5461.robot.subsystems.DriveTrainLeft] INFO,0.53125,-0.125,-0.125,-3.90625E-4,0.437723546875
2016/12/31 05:37:21.082,[org.usfirst.frc.team5461.robot.subsystems.DriveTrainLeft] INFO,0.578125,-0.125,-0.125,-3.90625E-4,0.5315267109375
2016/12/31 05:37:21.103,[org.usfirst.frc.team5461.robot.subsystems.DriveTrainLeft] INFO,0.6171875,-0.125,-0.125,-3.90625E-4,0.5315267109375
2016/12/31 05:37:21.123,[org.usfirst.frc.team5461.robot.subsystems.DriveTrainLeft] INFO,0.640625,-0.215625,-0.215625,-6.738281250000001E-4,0.6175259970703125
2016/12/31 05:37:21.143,[org.usfirst.frc.team5461.robot.subsystems.DriveTrainLeft] INFO,0.6640625,-0.215625,-0.215625,-6.738281250000001E-4,0.6175259970703125
2016/12/31 05:37:21.162,[org.usfirst.frc.team5461.robot.subsystems.DriveTrainLeft] INFO,0.6796875,-0.215625,-0.215625,-6.738281250000001E-4,0.6175259970703125
2016/12/31 05:37:21.183,[org.usfirst.frc.team5461.robot.subsystems.DriveTrainLeft] INFO,0.7109375,-0.215625,-0.215625,-6.738281250000001E-4,0.680094033203125
2016/12/31 05:37:21.203,[org.usfirst.frc.team5461.robot.subsystems.DriveTrainLeft] INFO,0.7421875,-0.215625,-0.215625,-6.738281250000001E-4,0.680094033203125
2016/12/31 05:37:21.224,[org.usfirst.frc.team5461.robot.subsystems.DriveTrainLeft] INFO,0.7734375,-0.375,-0.375,-0.001171875,0.742668369140625
2016/12/31 05:37:21.242,[org.usfirst.frc.team5461.robot.subsystems.DriveTrainLeft] INFO,0.796875,-0.375,-0.375,-0.001171875,0.742668369140625
2016/12/31 05:37:21.262,[org.usfirst.frc.team5461.robot.subsystems.DriveTrainLeft] INFO,0.8125,-0.375,-0.375,-0.001171875,0.742668369140625
2016/12/31 05:37:21.282,[org.usfirst.frc.team5461.robot.subsystems.DriveTrainLeft] INFO,0.8125,-0.375,-0.375,-0.001171875,0.813062236328125
2016/12/31 05:37:21.303,[org.usfirst.frc.team5461.robot.subsystems.DriveTrainLeft] INFO,0.8125,-0.375,-0.375,-0.001171875,0.813062236328125
2016/12/31 05:37:21.323,[org.usfirst.frc.team5461.robot.subsystems.DriveTrainLeft] INFO,0.8203125,-0.375,-0.375,-0.001171875,0.813143603515625
2016/12/31 05:37:21.342,[org.usfirst.frc.team5461.robot.subsystems.DriveTrainLeft] INFO,0.828125,-0.375,-0.375,-0.001171875,0.813143603515625
2016/12/31 05:37:21.362,[org.usfirst.frc.team5461.robot.subsystems.DriveTrainLeft] INFO,0.828125,-0.375,-0.375,-0.001171875,0.813143603515625
2016/12/31 05:37:21.382,[org.usfirst.frc.team5461.robot.subsystems.DriveTrainLeft] INFO,0.8359375,-0.55625,-0.55625,-0.00173828125,0.82885158984375
2016/12/31 05:37:21.402,[org.usfirst.frc.team5461.robot.subsystems.DriveTrainLeft] INFO,0.84375,-0.55625,-0.55625,-0.00173828125,0.82885158984375
2016/12/31 05:37:21.424,[org.usfirst.frc.team5461.robot.subsystems.DriveTrainLeft] INFO,0.84375,-0.55625,-0.55625,-0.00173828125,0.844561138671875
2016/12/31 05:37:21.442,[org.usfirst.frc.team5461.robot.subsystems.DriveTrainLeft] INFO,0.84375,-0.55625,-0.55625,-0.00173828125,0.844561138671875
2016/12/31 05:37:21.462,[org.usfirst.frc.team5461.robot.subsystems.DriveTrainLeft] INFO,0.84375,-0.55625,-0.55625,-0.00173828125,0.844561138671875
2016/12/31 05:37:21.482,[org.usfirst.frc.team5461.robot.subsystems.DriveTrainLeft] INFO,0.84375,-0.696875,-0.696875,-0.002177734375,0.8446457314453125
2016/12/31 05:37:21.502,[org.usfirst.frc.team5461.robot.subsystems.DriveTrainLeft] INFO,0.8515625,-0.696875,-0.696875,-0.002177734375,0.8446457314453125
2016/12/31 05:37:21.524,[org.usfirst.frc.team5461.robot.subsystems.DriveTrainLeft] INFO,0.859375,-0.696875,-0.696875,-0.002177734375,0.85254360546875
2016/12/31 05:37:21.546,[org.usfirst.frc.team5461.robot.subsystems.DriveTrainLeft] INFO,0.8828125,-0.696875,-0.696875,-0.002177734375,0.85254360546875
2016/12/31 05:37:21.565,[org.usfirst.frc.team5461.robot.subsystems.DriveTrainLeft] INFO,0.8984375,-0.696875,-0.696875,-0.002177734375,0.85254360546875
2016/12/31 05:37:21.582,[org.usfirst.frc.team5461.robot.subsystems.DriveTrainLeft] INFO,0.921875,-0.765625,-0.765625,-0.002392578125,0.8995086884765625
2016/12/31 05:37:21.601,[org.usfirst.frc.team5461.robot.subsystems.DriveTrainLeft] INFO,0.9453125,-0.765625,-0.765625,-0.002392578125,0.8995086884765625
2016/12/31 05:37:21.624,[org.usfirst.frc.team5461.robot.subsystems.DriveTrainLeft] INFO,0.9609375,-0.765625,-0.765625,-0.002392578125,0.946478458984375
2016/12/31 05:37:21.641,[org.usfirst.frc.team5461.robot.subsystems.DriveTrainLeft] INFO,0.984375,-0.765625,-0.765625,-0.002392578125,0.946478458984375
2016/12/31 05:37:21.662,[org.usfirst.frc.team5461.robot.subsystems.DriveTrainLeft] INFO,0.9921875,-0.765625,-0.765625,-0.002392578125,0.946478458984375
2016/12/31 05:37:21.684,[org.usfirst.frc.team5461.robot.subsystems.DriveTrainLeft] INFO,1.0,-0.765625,-0.765625,-0.002392578125,0.9934529169921875
2016/12/31 05:37:21.703,[org.usfirst.frc.team5461.robot.subsystems.DriveTrainLeft] INFO,1.0,-0.765625,-0.765625,-0.002392578125,0.9934529169921875
2016/12/31 05:37:21.724,[org.usfirst.frc.team5461.robot.subsystems.DriveTrainLeft] INFO,1.0,-0.8125,-0.8125,-0.0025390625,1.0
2016/12/31 05:37:21.743,[org.usfirst.frc.team5461.robot.subsystems.DriveTrainLeft] INFO,1.0,-0.8125,-0.8125,-0.0025390625,1.0
2016/12/31 05:37:21.762,[org.usfirst.frc.team5461.robot.subsystems.DriveTrainLeft] INFO,1.0,-0.8125,-0.8125,-0.0025390625,1.0
2016/12/31 05:37:21.782,[org.usfirst.frc.team5461.robot.subsystems.DriveTrainLeft] INFO,1.0,-0.8125,-0.8125,-0.0025390625,1.0
2016/12/31 05:37:21.803,[org.usfirst.frc.team5461.robot.subsystems.DriveTrainLeft] INFO,1.0,-0.8125,-0.8125,-0.0025390625,1.0
2016/12/31 05:37:21.824,[org.usfirst.frc.team5461.robot.subsystems.DriveTrainLeft] INFO,1.0,-0.8875,-0.8875,-0.0027734375,1.0
2016/12/31 05:37:21.842,[org.usfirst.frc.team5461.robot.subsystems.DriveTrainLeft] INFO,1.0,-0.8875,-0.8875,-0.0027734375,1.0
2016/12/31 05:37:21.863,[org.usfirst.frc.team5461.robot.subsystems.DriveTrainLeft] INFO,1.0,-0.8875,-0.8875,-0.0027734375,1.0
2016/12/31 05:37:21.882,[org.usfirst.frc.team5461.robot.subsystems.DriveTrainLeft] INFO,1.0,-0.8875,-0.8875,-0.0027734375,1.0
2016/12/31 05:37:21.902,[org.usfirst.frc.team5461.robot.subsystems.DriveTrainLeft] INFO,1.0,-0.8875,-0.8875,-0.0027734375,1.0
2016/12/31 05:37:21.924,[org.usfirst.frc.team5461.robot.subsystems.DriveTrainLeft] INFO,1.0,-0.8875,-0.8875,-0.0027734375,1.0
2016/12/31 05:37:21.942,[org.usfirst.frc.team5461.robot.subsystems.DriveTrainLeft] INFO,1.0,-0.8875,-0.8875,-0.0027734375,1.0
2016/12/31 05:37:21.962,[org.usfirst.frc.team5461.robot.subsystems.DriveTrainLeft] INFO,1.0,-0.8875,-0.8875,-0.0027734375,1.0
2016/12/31 05:37:21.983,[org.usfirst.frc.team5461.robot.subsystems.DriveTrainLeft] INFO,1.0,-0.946875,-0.946875,-0.0029589843750000002,1.0
2016/12/31 05:37:22.003,[org.usfirst.frc.team5461.robot.subsystems.DriveTrainLeft] INFO,1.0,-0.946875,-0.946875,-0.0029589843750000002,1.0
2016/12/31 05:37:22.024,[org.usfirst.frc.team5461.robot.subsystems.DriveTrainLeft] INFO,1.0,-0.946875,-0.946875,-0.0029589843750000002,1.0
2016/12/31 05:37:22.042,[org.usfirst.frc.team5461.robot.subsystems.DriveTrainLeft] INFO,1.0,-0.946875,-0.946875,-0.0029589843750000002,1.0
2016/12/31 05:37:22.062,[org.usfirst.frc.team5461.robot.subsystems.DriveTrainLeft] INFO,1.0,-0.946875,-0.946875,-0.0029589843750000002,1.0
2016/12/31 05:37:22.081,[org.usfirst.frc.team5461.robot.subsystems.DriveTrainLeft] INFO,1.0,-0.971875,-0.971875,-0.0030371093750000003,1.0
2016/12/31 05:37:22.103,[org.usfirst.frc.team5461.robot.subsystems.DriveTrainLeft] INFO,1.0,-0.971875,-0.971875,-0.0030371093750000003,1.0
2016/12/31 05:37:22.123,[org.usfirst.frc.team5461.robot.subsystems.DriveTrainLeft] INFO,1.0,-0.971875,-0.971875,-0.0030371093750000003,1.0
2016/12/31 05:37:22.141,[org.usfirst.frc.team5461.robot.subsystems.DriveTrainLeft] INFO,1.0,-0.971875,-0.971875,-0.0030371093750000003,1.0
2016/12/31 05:37:22.162,[org.usfirst.frc.team5461.robot.subsystems.DriveTrainLeft] INFO,1.0,-0.971875,-0.971875,-0.0030371093750000003,1.0
2016/12/31 05:37:22.181,[org.usfirst.frc.team5461.robot.subsystems.DriveTrainLeft] INFO,1.0,-0.971875,-0.971875,-0.0030371093750000003,1.0
2016/12/31 05:37:22.202,[org.usfirst.frc.team5461.robot.subsystems.DriveTrainLeft] INFO,1.0,-0.971875,-0.971875,-0.0030371093750000003,1.0
2016/12/31 05:37:22.223,[org.usfirst.frc.team5461.robot.subsystems.DriveTrainLeft] INFO,1.0,-0.971875,-0.971875,-0.0030371093750000003,1.0
2016/12/31 05:37:22.241,[org.usfirst.frc.team5461.robot.subsystems.DriveTrainLeft] INFO,1.0,-0.971875,-0.971875,-0.0030371093750000003,1.0
2016/12/31 05:37:22.262,[org.usfirst.frc.team5461.robot.subsystems.DriveTrainLeft] INFO,1.0,-0.971875,-0.971875,-0.0030371093750000003,1.0
2016/12/31 05:37:22.282,[org.usfirst.frc.team5461.robot.subsystems.DriveTrainLeft] INFO,1.0,-0.971875,-0.971875,-0.0030371093750000003,1.0
2016/12/31 05:37:22.302,[org.usfirst.frc.team5461.robot.subsystems.DriveTrainLeft] INFO,1.0,-0.971875,-0.971875,-0.0030371093750000003,1.0
2016/12/31 05:37:22.324,[org.usfirst.frc.team5461.robot.subsystems.DriveTrainLeft] INFO,1.0,-0.98125,-0.98125,-0.0030664062499999997,1.0
2016/12/31 05:37:22.342,[org.usfirst.frc.team5461.robot.subsystems.DriveTrainLeft] INFO,1.0,-0.98125,-0.98125,-0.0030664062499999997,1.0
2016/12/31 05:37:22.362,[org.usfirst.frc.team5461.robot.subsystems.DriveTrainLeft] INFO,1.0,-0.98125,-0.98125,-0.0030664062499999997,1.0
2016/12/31 05:37:22.387,[org.usfirst.frc.team5461.robot.subsystems.DriveTrainLeft] INFO,1.0,-0.98125,-0.98125,-0.0030664062499999997,1.0
2016/12/31 05:37:22.409,[org.usfirst.frc.team5461.robot.subsystems.DriveTrainLeft] INFO,1.0,-0.98125,-0.98125,-0.0030664062499999997,1.0
2016/12/31 05:37:22.436,[org.usfirst.frc.team5461.robot.subsystems.DriveTrainLeft] INFO,1.0,-0.984375,-0.984375,-0.003076171875,1.0
2016/12/31 05:37:22.445,[org.usfirst.frc.team5461.robot.subsystems.DriveTrainLeft] INFO,1.0,-0.984375,-0.984375,-0.003076171875,1.0
2016/12/31 05:37:22.462,[org.usfirst.frc.team5461.robot.subsystems.DriveTrainLeft] INFO,1.0,-0.984375,-0.984375,-0.003076171875,1.0
2016/12/31 05:37:22.482,[org.usfirst.frc.team5461.robot.subsystems.DriveTrainLeft] INFO,1.0,-0.984375,-0.984375,-0.003076171875,1.0
2016/12/31 05:37:22.504,[org.usfirst.frc.team5461.robot.subsystems.DriveTrainLeft] INFO,1.0,-0.984375,-0.984375,-0.003076171875,1.0
2016/12/31 05:37:22.524,[org.usfirst.frc.team5461.robot.subsystems.DriveTrainLeft] INFO,1.0,-0.984375,-0.98125,-0.0030712890625,1.0
2016/12/31 05:37:22.542,[org.usfirst.frc.team5461.robot.subsystems.DriveTrainLeft] INFO,1.0,-0.984375,-0.98125,-0.0030712890625,1.0
2016/12/31 05:37:22.562,[org.usfirst.frc.team5461.robot.subsystems.DriveTrainLeft] INFO,1.0,-0.984375,-0.98125,-0.0030712890625,1.0
2016/12/31 05:37:22.582,[org.usfirst.frc.team5461.robot.subsystems.DriveTrainLeft] INFO,1.0,-0.98125,-0.98125,-0.0030664062499999997,1.0
2016/12/31 05:37:22.603,[org.usfirst.frc.team5461.robot.subsystems.DriveTrainLeft] INFO,1.0,-0.98125,-0.98125,-0.0030664062499999997,1.0
2016/12/31 05:37:22.624,[org.usfirst.frc.team5461.robot.subsystems.DriveTrainLeft] INFO,1.0,-0.98125,-0.98125,-0.0030664062499999997,1.0
2016/12/31 05:37:22.643,[org.usfirst.frc.team5461.robot.subsystems.DriveTrainLeft] INFO,1.0,-0.98125,-0.98125,-0.0030664062499999997,1.0
2016/12/31 05:37:22.662,[org.usfirst.frc.team5461.robot.subsystems.DriveTrainLeft] INFO,1.0,-0.98125,-0.98125,-0.0030664062499999997,1.0
2016/12/31 05:37:22.682,[org.usfirst.frc.team5461.robot.subsystems.DriveTrainLeft] INFO,1.0,-0.98125,-0.98125,-0.0030664062499999997,1.0
2016/12/31 05:37:22.703,[org.usfirst.frc.team5461.robot.subsystems.DriveTrainLeft] INFO,1.0,-0.98125,-0.98125,-0.0030664062499999997,1.0
2016/12/31 05:37:22.724,[org.usfirst.frc.team5461.robot.subsystems.DriveTrainLeft] INFO,1.0,-0.98125,-0.98125,-0.0030664062499999997,1.0
2016/12/31 05:37:22.742,[org.usfirst.frc.team5461.robot.subsystems.DriveTrainLeft] INFO,1.0,-0.98125,-0.98125,-0.0030664062499999997,1.0
2016/12/31 05:37:22.762,[org.usfirst.frc.team5461.robot.subsystems.DriveTrainLeft] INFO,1.0,-0.98125,-0.98125,-0.0030664062499999997,1.0
2016/12/31 05:37:22.781,[org.usfirst.frc.team5461.robot.subsystems.DriveTrainLeft] INFO,1.0,-0.990625,-0.990625,-0.003095703125,1.0
2016/12/31 05:37:22.802,[org.usfirst.frc.team5461.robot.subsystems.DriveTrainLeft] INFO,1.0,-0.990625,-0.990625,-0.003095703125,1.0
2016/12/31 05:37:22.823,[org.usfirst.frc.team5461.robot.subsystems.DriveTrainLeft] INFO,1.0,-0.990625,-0.990625,-0.003095703125,1.0
2016/12/31 05:37:22.841,[org.usfirst.frc.team5461.robot.subsystems.DriveTrainLeft] INFO,1.0,-0.990625,-0.990625,-0.003095703125,1.0
2016/12/31 05:37:22.862,[org.usfirst.frc.team5461.robot.subsystems.DriveTrainLeft] INFO,1.0,-0.990625,-0.990625,-0.003095703125,1.0
2016/12/31 05:37:22.883,[org.usfirst.frc.team5461.robot.subsystems.DriveTrainLeft] INFO,1.0,-0.990625,-0.990625,-0.003095703125,1.0
2016/12/31 05:37:22.902,[org.usfirst.frc.team5461.robot.subsystems.DriveTrainLeft] INFO,1.0,-0.990625,-0.990625,-0.003095703125,1.0
2016/12/31 05:37:22.925,[org.usfirst.frc.team5461.robot.subsystems.DriveTrainLeft] INFO,1.0,-0.9875,-0.9875,-0.0030859375,1.0
2016/12/31 05:37:22.942,[org.usfirst.frc.team5461.robot.subsystems.DriveTrainLeft] INFO,1.0,-0.9875,-0.9875,-0.0030859375,1.0
2016/12/31 05:37:22.962,[org.usfirst.frc.team5461.robot.subsystems.DriveTrainLeft] INFO,1.0,-0.9875,-0.9875,-0.0030859375,1.0
2016/12/31 05:37:22.982,[org.usfirst.frc.team5461.robot.subsystems.DriveTrainLeft] INFO,1.0,-0.9875,-0.9875,-0.0030859375,1.0
2016/12/31 05:37:23.002,[org.usfirst.frc.team5461.robot.subsystems.DriveTrainLeft] INFO,1.0,-0.9875,-0.9875,-0.0030859375,1.0
2016/12/31 05:37:23.024,[org.usfirst.frc.team5461.robot.subsystems.DriveTrainLeft] INFO,1.0,-0.984375,-0.984375,-0.003076171875,1.0
2016/12/31 05:37:23.042,[org.usfirst.frc.team5461.robot.subsystems.DriveTrainLeft] INFO,1.0,-0.984375,-0.984375,-0.003076171875,1.0
2016/12/31 05:37:23.062,[org.usfirst.frc.team5461.robot.subsystems.DriveTrainLeft] INFO,1.0,-0.984375,-0.984375,-0.003076171875,1.0
2016/12/31 05:37:23.082,[org.usfirst.frc.team5461.robot.subsystems.DriveTrainLeft] INFO,1.0,-0.984375,-0.984375,-0.003076171875,1.0
2016/12/31 05:37:23.102,[org.usfirst.frc.team5461.robot.subsystems.DriveTrainLeft] INFO,1.0,-0.984375,-0.984375,-0.003076171875,1.0
2016/12/31 05:37:23.125,[org.usfirst.frc.team5461.robot.subsystems.DriveTrainLeft] INFO,1.0,-0.984375,-0.984375,-0.003076171875,1.0
2016/12/31 05:37:23.144,[org.usfirst.frc.team5461.robot.subsystems.DriveTrainLeft] INFO,1.0,-0.984375,-0.984375,-0.003076171875,1.0
2016/12/31 05:37:23.162,[org.usfirst.frc.team5461.robot.subsystems.DriveTrainLeft] INFO,1.0,-0.984375,-0.984375,-0.003076171875,1.0
2016/12/31 05:37:23.182,[org.usfirst.frc.team5461.robot.subsystems.DriveTrainLeft] INFO,1.0,-0.984375,-0.984375,-0.003076171875,1.0
2016/12/31 05:37:23.203,[org.usfirst.frc.team5461.robot.subsystems.DriveTrainLeft] INFO,1.0,-0.984375,-0.984375,-0.003076171875,1.0
2016/12/31 05:37:23.225,[org.usfirst.frc.team5461.robot.subsystems.DriveTrainLeft] INFO,1.0,-0.984375,-0.984375,-0.003076171875,1.0
2016/12/31 05:37:23.242,[org.usfirst.frc.team5461.robot.subsystems.DriveTrainLeft] INFO,1.0,-0.984375,-0.984375,-0.003076171875,1.0
2016/12/31 05:37:23.262,[org.usfirst.frc.team5461.robot.subsystems.DriveTrainLeft] INFO,1.0,-0.984375,-0.984375,-0.003076171875,1.0
2016/12/31 05:37:23.282,[org.usfirst.frc.team5461.robot.subsystems.DriveTrainLeft] INFO,1.0,-0.984375,-0.984375,-0.003076171875,1.0
2016/12/31 05:37:23.304,[org.usfirst.frc.team5461.robot.subsystems.DriveTrainLeft] INFO,1.0,-0.984375,-0.984375,-0.003076171875,1.0
2016/12/31 05:37:23.325,[org.usfirst.frc.team5461.robot.subsystems.DriveTrainLeft] INFO,1.0,-0.984375,-0.984375,-0.003076171875,1.0
2016/12/31 05:37:23.342,[org.usfirst.frc.team5461.robot.subsystems.DriveTrainLeft] INFO,1.0,-0.984375,-0.984375,-0.003076171875,1.0
2016/12/31 05:37:23.362,[org.usfirst.frc.team5461.robot.subsystems.DriveTrainLeft] INFO,1.0,-0.984375,-0.984375,-0.003076171875,1.0
2016/12/31 05:37:23.381,[org.usfirst.frc.team5461.robot.subsystems.DriveTrainLeft] INFO,1.0,-0.9875,-0.9875,-0.0030859375,1.0
2016/12/31 05:37:23.402,[org.usfirst.frc.team5461.robot.subsystems.DriveTrainLeft] INFO,1.0,-0.9875,-0.9875,-0.0030859375,1.0
2016/12/31 05:37:23.424,[org.usfirst.frc.team5461.robot.subsystems.DriveTrainLeft] INFO,1.0,-0.9875,-0.9875,-0.0030859375,1.0
2016/12/31 05:37:23.441,[org.usfirst.frc.team5461.robot.subsystems.DriveTrainLeft] INFO,1.0,-0.9875,-0.9875,-0.0030859375,1.0
2016/12/31 05:37:23.462,[org.usfirst.frc.team5461.robot.subsystems.DriveTrainLeft] INFO,1.0,-0.9875,-0.9875,-0.0030859375,1.0
2016/12/31 05:37:23.482,[org.usfirst.frc.team5461.robot.subsystems.DriveTrainLeft] INFO,1.0,-0.9875,-0.9875,-0.0030859375,1.0
2016/12/31 05:37:23.502,[org.usfirst.frc.team5461.robot.subsystems.DriveTrainLeft] INFO,1.0,-0.9875,-0.9875,-0.0030859375,1.0
2016/12/31 05:37:23.524,[org.usfirst.frc.team5461.robot.subsystems.DriveTrainLeft] INFO,1.0,-0.98125,-0.98125,-0.0030664062499999997,1.0
2016/12/31 05:37:23.542,[org.usfirst.frc.team5461.robot.subsystems.DriveTrainLeft] INFO,1.0,-0.98125,-0.98125,-0.0030664062499999997,1.0
2016/12/31 05:37:23.562,[org.usfirst.frc.team5461.robot.subsystems.DriveTrainLeft] INFO,0.90625,-0.98125,-0.98125,-0.0030664062499999997,1.0
2016/12/31 05:37:23.582,[org.usfirst.frc.team5461.robot.subsystems.DriveTrainLeft] INFO,0.625,-0.98125,-0.98125,-0.0030664062499999997,0.9113174926757812
2016/12/31 05:37:23.602,[org.usfirst.frc.team5461.robot.subsystems.DriveTrainLeft] INFO,0.25,-0.98125,-0.98125,-0.0030664062499999997,0.9113174926757812
2016/12/31 05:37:23.624,[org.usfirst.frc.team5461.robot.subsystems.DriveTrainLeft] INFO,0.0,-0.978125,-0.978125,-0.003056640625,0.2550927983398438
2016/12/31 05:37:23.641,[org.usfirst.frc.team5461.robot.subsystems.DriveTrainLeft] INFO,0.0,-0.978125,-0.978125,-0.003056640625,0.2550927983398438
2016/12/31 05:37:23.661,[org.usfirst.frc.team5461.robot.subsystems.DriveTrainLeft] INFO,0.0,-0.978125,-0.978125,-0.003056640625,0.2550927983398438
2016/12/31 05:37:23.682,[org.usfirst.frc.team5461.robot.subsystems.DriveTrainLeft] INFO,0.0,-0.978125,-0.978125,-0.003056640625,0.005093104003906252
2016/12/31 05:37:23.702,[org.usfirst.frc.team5461.robot.subsystems.DriveTrainLeft] INFO,0.0,-0.978125,-0.978125,-0.003056640625,0.005093104003906252
2016/12/31 05:37:23.724,[org.usfirst.frc.team5461.robot.subsystems.DriveTrainLeft] INFO,0.0,-0.8125,-0.8125,-0.0025390625,0.005093357910156251
2016/12/31 05:37:23.742,[org.usfirst.frc.team5461.robot.subsystems.DriveTrainLeft] INFO,0.0,-0.8125,-0.8125,-0.0025390625,0.005093357910156251
2016/12/31 05:37:23.761,[org.usfirst.frc.team5461.robot.subsystems.DriveTrainLeft] INFO,0.0,-0.8125,-0.8125,-0.0025390625,0.005093357910156251
2016/12/31 05:37:23.781,[org.usfirst.frc.team5461.robot.subsystems.DriveTrainLeft] INFO,0.0,-0.8125,-0.8125,-0.0025390625,0.005093611816406251
2016/12/31 05:37:23.802,[org.usfirst.frc.team5461.robot.subsystems.DriveTrainLeft] INFO,0.0,-0.8125,-0.8125,-0.0025390625,0.005093611816406251
2016/12/31 05:37:23.824,[org.usfirst.frc.team5461.robot.subsystems.DriveTrainLeft] INFO,0.0,-0.8125,-0.8125,-0.0025390625,0.005093865722656251
2016/12/31 05:37:23.842,[org.usfirst.frc.team5461.robot.subsystems.DriveTrainLeft] INFO,0.0,-0.8125,-0.8125,-0.0025390625,0.005093865722656251
2016/12/31 05:37:23.863,[org.usfirst.frc.team5461.robot.subsystems.DriveTrainLeft] INFO,0.0,-0.8125,-0.8125,-0.0025390625,0.005093865722656251
2016/12/31 05:37:23.883,[org.usfirst.frc.team5461.robot.subsystems.DriveTrainLeft] INFO,0.0,-0.49375,-0.49375,-0.00154296875,0.005094020019531252
2016/12/31 05:37:23.902,[org.usfirst.frc.team5461.robot.subsystems.DriveTrainLeft] INFO,0.0,-0.49375,-0.49375,-0.00154296875,0.005094020019531252
2016/12/31 05:37:23.924,[org.usfirst.frc.team5461.robot.subsystems.DriveTrainLeft] INFO,0.0,-0.49375,-0.49375,-0.00154296875,0.005094174316406252
2016/12/31 05:37:23.943,[org.usfirst.frc.team5461.robot.subsystems.DriveTrainLeft] INFO,0.0,-0.49375,-0.49375,-0.00154296875,0.005094174316406252
2016/12/31 05:37:23.962,[org.usfirst.frc.team5461.robot.subsystems.DriveTrainLeft] INFO,0.0,-0.49375,-0.49375,-0.00154296875,0.005094174316406252
2016/12/31 05:37:23.982,[org.usfirst.frc.team5461.robot.subsystems.DriveTrainLeft] INFO,0.0,-0.396875,-0.396875,-0.001240234375,0.005094298339843752
2016/12/31 05:37:24.002,[org.usfirst.frc.team5461.robot.subsystems.DriveTrainLeft] INFO,0.0,-0.396875,-0.396875,-0.001240234375,0.005094298339843752
2016/12/31 05:37:24.045,[org.usfirst.frc.team5461.robot.subsystems.DriveTrainLeft] INFO,0.0,-0.396875,-0.396875,-0.001240234375,0.005094422363281251
2016/12/31 05:37:24.062,[org.usfirst.frc.team5461.robot.subsystems.DriveTrainLeft] INFO,0.0,-0.396875,-0.396875,-0.001240234375,0.005094422363281251
2016/12/31 05:37:24.083,[org.usfirst.frc.team5461.robot.subsystems.DriveTrainLeft] INFO,0.0,-0.396875,-0.30625,-0.0010986328125,0.005094532226562501
2016/12/31 05:37:24.102,[org.usfirst.frc.team5461.robot.subsystems.DriveTrainLeft] INFO,0.0,-0.396875,-0.30625,-0.0010986328125,0.005094532226562501
2016/12/31 05:37:24.122,[org.usfirst.frc.team5461.robot.subsystems.DriveTrainLeft] INFO,0.0,-0.396875,-0.30625,-0.0010986328125,0.005094532226562501
2016/12/31 05:37:24.142,[org.usfirst.frc.team5461.robot.subsystems.DriveTrainLeft] INFO,0.0,-0.30625,-0.30625,-9.570312500000001E-4,0.0050946279296875015
2016/12/31 05:37:24.163,[org.usfirst.frc.team5461.robot.subsystems.DriveTrainLeft] INFO,0.0,-0.30625,-0.30625,-9.570312500000001E-4,0.0050946279296875015
2016/12/31 05:37:24.185,[org.usfirst.frc.team5461.robot.subsystems.DriveTrainLeft] INFO,0.0,-0.30625,-0.30625,-9.570312500000001E-4,0.005094723632812502
2016/12/31 05:37:24.203,[org.usfirst.frc.team5461.robot.subsystems.DriveTrainLeft] INFO,0.0,-0.30625,-0.30625,-9.570312500000001E-4,0.005094723632812502
2016/12/31 05:37:24.222,[org.usfirst.frc.team5461.robot.subsystems.DriveTrainLeft] INFO,0.0,-0.30625,-0.30625,-9.570312500000001E-4,0.005094723632812502
2016/12/31 05:37:24.245,[org.usfirst.frc.team5461.robot.subsystems.DriveTrainLeft] INFO,0.0,-0.225,-0.225,-7.03125E-4,0.005094793945312502
2016/12/31 05:37:24.263,[org.usfirst.frc.team5461.robot.subsystems.DriveTrainLeft] INFO,0.0,-0.225,-0.225,-7.03125E-4,0.005094793945312502
2016/12/31 05:37:24.285,[org.usfirst.frc.team5461.robot.subsystems.DriveTrainLeft] INFO,0.0,-0.225,-0.225,-7.03125E-4,0.005094864257812502
2016/12/31 05:37:24.302,[org.usfirst.frc.team5461.robot.subsystems.DriveTrainLeft] INFO,0.0,-0.225,-0.225,-7.03125E-4,0.005094864257812502
2016/12/31 05:37:24.322,[org.usfirst.frc.team5461.robot.subsystems.DriveTrainLeft] INFO,0.0,-0.225,-0.225,-7.03125E-4,0.005094864257812502
2016/12/31 05:37:24.344,[org.usfirst.frc.team5461.robot.subsystems.DriveTrainLeft] INFO,0.0,-0.146875,-0.146875,-4.5898437500000003E-4,0.005094910156250002
2016/12/31 05:37:24.362,[org.usfirst.frc.team5461.robot.subsystems.DriveTrainLeft] INFO,0.0,-0.146875,-0.146875,-4.5898437500000003E-4,0.005094910156250002
2016/12/31 05:37:24.385,[org.usfirst.frc.team5461.robot.subsystems.DriveTrainLeft] INFO,0.0,-0.146875,-0.146875,-4.5898437500000003E-4,0.005094956054687502
2016/12/31 05:37:24.403,[org.usfirst.frc.team5461.robot.subsystems.DriveTrainLeft] INFO,0.0,-0.146875,-0.146875,-4.5898437500000003E-4,0.005094956054687502
2016/12/31 05:37:24.424,[org.usfirst.frc.team5461.robot.subsystems.DriveTrainLeft] INFO,0.0,-0.146875,-0.146875,-4.5898437500000003E-4,0.005094956054687502
2016/12/31 05:37:24.442,[org.usfirst.frc.team5461.robot.subsystems.DriveTrainLeft] INFO,0.0,-0.146875,-0.146875,-4.5898437500000003E-4,0.005095001953125003
2016/12/31 05:37:24.462,[org.usfirst.frc.team5461.robot.subsystems.DriveTrainLeft] INFO,0.0,-0.146875,-0.146875,-4.5898437500000003E-4,0.005095001953125003
2016/12/31 05:37:24.484,[org.usfirst.frc.team5461.robot.subsystems.DriveTrainLeft] INFO,0.0,-0.075,-0.075,-2.34375E-4,0.005095025390625002
2016/12/31 05:37:24.502,[org.usfirst.frc.team5461.robot.subsystems.DriveTrainLeft] INFO,0.0,-0.075,-0.075,-2.34375E-4,0.005095025390625002
2016/12/31 05:37:24.522,[org.usfirst.frc.team5461.robot.subsystems.DriveTrainLeft] INFO,0.0,-0.075,-0.075,-2.34375E-4,0.005095025390625002
2016/12/31 05:37:24.542,[org.usfirst.frc.team5461.robot.subsystems.DriveTrainLeft] INFO,0.0,-0.075,-0.075,-2.34375E-4,0.005095048828125002
2016/12/31 05:37:24.562,[org.usfirst.frc.team5461.robot.subsystems.DriveTrainLeft] INFO,0.0,-0.075,-0.075,-2.34375E-4,0.005095048828125002
2016/12/31 05:37:24.585,[org.usfirst.frc.team5461.robot.subsystems.DriveTrainLeft] INFO,0.0,-0.009375,-0.009375,-2.9296875E-5,0.005095051757812502
2016/12/31 05:37:24.603,[org.usfirst.frc.team5461.robot.subsystems.DriveTrainLeft] INFO,0.0,-0.009375,-0.009375,-2.9296875E-5,0.005095051757812502
2016/12/31 05:37:24.622,[org.usfirst.frc.team5461.robot.subsystems.DriveTrainLeft] INFO,0.0,-0.009375,-0.009375,-2.9296875E-5,0.005095051757812502
2016/12/31 05:37:24.643,[org.usfirst.frc.team5461.robot.subsystems.DriveTrainLeft] INFO,0.0,-0.009375,-0.009375,-2.9296875E-5,0.005095054687500002
2016/12/31 05:37:24.668,[org.usfirst.frc.team5461.robot.subsystems.DriveTrainLeft] INFO,0.0,-0.009375,-0.009375,-2.9296875E-5,0.005095054687500002
2016/12/31 05:37:24.691,[org.usfirst.frc.team5461.robot.subsystems.DriveTrainLeft] INFO,0.0,0.0,0.0,0.0,0.005095054687500002
2016/12/31 05:37:24.704,[org.usfirst.frc.team5461.robot.subsystems.DriveTrainLeft] INFO,0.0,0.0,0.0,0.0,0.005095054687500002
2016/12/31 05:37:24.722,[org.usfirst.frc.team5461.robot.subsystems.DriveTrainLeft] INFO,0.0,0.0,0.0,0.0,0.005095054687500002
2016/12/31 05:37:24.742,[org.usfirst.frc.team5461.robot.subsystems.DriveTrainLeft] INFO,0.0,0.0,0.0,0.0,0.005095054687500002
2016/12/31 05:37:24.763,[org.usfirst.frc.team5461.robot.subsystems.DriveTrainLeft] INFO,0.0,0.0,0.0,0.0,0.005095054687500002
2016/12/31 05:37:24.785,[org.usfirst.frc.team5461.robot.subsystems.DriveTrainLeft] INFO,0.0,0.0,0.0,0.0,0.005095054687500002
2016/12/31 05:37:24.803,[org.usfirst.frc.team5461.robot.subsystems.DriveTrainLeft] INFO,0.0,0.0,0.0,0.0,0.005095054687500002
2016/12/31 05:37:24.822,[org.usfirst.frc.team5461.robot.subsystems.DriveTrainLeft] INFO,0.0,0.0,0.0,0.0,0.005095054687500002
2016/12/31 05:37:24.842,[org.usfirst.frc.team5461.robot.subsystems.DriveTrainLeft] INFO,0.0,0.0,0.0,0.0,0.005095054687500002
2016/12/31 05:37:24.862,[org.usfirst.frc.team5461.robot.subsystems.DriveTrainLeft] INFO,0.0,0.0,0.0,0.0,0.005095054687500002
2016/12/31 05:37:24.885,[org.usfirst.frc.team5461.robot.subsystems.DriveTrainLeft] INFO,0.0,0.0,0.0,0.0,0.005095054687500002
2016/12/31 05:37:24.901,[org.usfirst.frc.team5461.robot.subsystems.DriveTrainLeft] INFO,0.0,0.0,0.0,0.0,0.005095054687500002
2016/12/31 05:37:24.921,[org.usfirst.frc.team5461.robot.subsystems.DriveTrainLeft] INFO,0.0,0.0,0.0,0.0,0.005095054687500002
2016/12/31 05:37:24.942,[org.usfirst.frc.team5461.robot.subsystems.DriveTrainLeft] INFO,0.0,0.0,0.0,0.0,0.005095054687500002
2016/12/31 05:37:24.962,[org.usfirst.frc.team5461.robot.subsystems.DriveTrainLeft] INFO,0.0,0.0,0.0,0.0,0.005095054687500002
2016/12/31 05:37:24.983,[org.usfirst.frc.team5461.robot.subsystems.DriveTrainLeft] INFO,0.0,0.0,0.0,0.0,0.005095054687500002
2016/12/31 05:37:25.001,[org.usfirst.frc.team5461.robot.subsystems.DriveTrainLeft] INFO,0.0,0.0,0.0,0.0,0.005095054687500002
2016/12/31 05:37:25.022,[org.usfirst.frc.team5461.robot.subsystems.DriveTrainLeft] INFO,0.0,0.0,0.0,0.0,0.005095054687500002
2016/12/31 05:37:25.042,[org.usfirst.frc.team5461.robot.subsystems.DriveTrainLeft] INFO,0.0,0.0,0.0,0.0,0.005095054687500002
2016/12/31 05:37:25.064,[org.usfirst.frc.team5461.robot.subsystems.DriveTrainLeft] INFO,0.0,0.0,0.0,0.0,0.005095054687500002
2016/12/31 05:37:25.082,[org.usfirst.frc.team5461.robot.subsystems.DriveTrainLeft] INFO,0.0,0.0,0.0,0.0,0.005095054687500002
2016/12/31 05:37:25.101,[org.usfirst.frc.team5461.robot.subsystems.DriveTrainLeft] INFO,0.0,0.0,0.0,0.0,0.005095054687500002
2016/12/31 05:37:25.122,[org.usfirst.frc.team5461.robot.subsystems.DriveTrainLeft] INFO,0.0,0.0,0.0,0.0,0.005095054687500002
2016/12/31 05:37:25.142,[org.usfirst.frc.team5461.robot.subsystems.DriveTrainLeft] INFO,0.0,0.0,0.0,0.0,0.005095054687500002
2016/12/31 05:37:25.163,[org.usfirst.frc.team5461.robot.subsystems.DriveTrainLeft] INFO,0.0,0.0,0.0,0.0,0.005095054687500002
2016/12/31 05:37:25.184,[org.usfirst.frc.team5461.robot.subsystems.DriveTrainLeft] INFO,0.0,0.0,0.0,0.0,0.005095054687500002
2016/12/31 05:37:25.203,[org.usfirst.frc.team5461.robot.subsystems.DriveTrainLeft] INFO,0.0,0.0,0.0,0.0,0.005095054687500002
2016/12/31 05:37:25.223,[org.usfirst.frc.team5461.robot.subsystems.DriveTrainLeft] INFO,0.0,0.0,0.0,0.0,0.005095054687500002
2016/12/31 05:37:25.242,[org.usfirst.frc.team5461.robot.subsystems.DriveTrainLeft] INFO,0.0,0.0,0.0,0.0,0.005095054687500002
2016/12/31 05:37:25.263,[org.usfirst.frc.team5461.robot.subsystems.DriveTrainLeft] INFO,0.0,0.0,0.0,0.0,0.005095054687500002
2016/12/31 05:37:25.284,[org.usfirst.frc.team5461.robot.subsystems.DriveTrainLeft] INFO,0.0,0.0,0.0,0.0,0.005095054687500002
2016/12/31 05:37:25.302,[org.usfirst.frc.team5461.robot.subsystems.DriveTrainLeft] INFO,0.0,0.0,0.0,0.0,0.005095054687500002
2016/12/31 05:37:25.322,[org.usfirst.frc.team5461.robot.subsystems.DriveTrainLeft] INFO,0.0,0.0,0.0,0.0,0.005095054687500002
2016/12/31 05:37:25.342,[org.usfirst.frc.team5461.robot.subsystems.DriveTrainLeft] INFO,0.0,0.0,0.0,0.0,0.005095054687500002
2016/12/31 05:37:25.363,[org.usfirst.frc.team5461.robot.subsystems.DriveTrainLeft] INFO,0.0,0.0,0.0,0.0,0.005095054687500002
2016/12/31 05:37:25.382,[org.usfirst.frc.team5461.robot.subsystems.DriveTrainLeft] INFO,0.0,0.0,0.0,0.0,0.005095054687500002
2016/12/31 05:37:25.402,[org.usfirst.frc.team5461.robot.subsystems.DriveTrainLeft] INFO,0.0,0.0,0.0,0.0,0.005095054687500002
2016/12/31 05:37:25.421,[org.usfirst.frc.team5461.robot.subsystems.DriveTrainLeft] INFO,0.0,0.0,0.0,0.0,0.005095054687500002
2016/12/31 05:37:25.442,[org.usfirst.frc.team5461.robot.subsystems.DriveTrainLeft] INFO,0.0,0.0,0.0,0.0,0.005095054687500002
2016/12/31 05:37:25.462,[org.usfirst.frc.team5461.robot.subsystems.DriveTrainLeft] INFO,-0.12598425196850394,0.0,0.0,0.0,0.005095054687500002
2016/12/31 05:37:25.482,[org.usfirst.frc.team5461.robot.subsystems.DriveTrainLeft] INFO,-0.1732283464566929,0.0,0.0,0.0,0.005095054687500002
2016/12/31 05:37:25.501,[org.usfirst.frc.team5461.robot.subsystems.DriveTrainLeft] INFO,-0.2204724409448819,0.0,0.0,0.0,-0.16815061460383857
2016/12/31 05:37:25.522,[org.usfirst.frc.team5461.robot.subsystems.DriveTrainLeft] INFO,-0.2440944881889764,0.0,0.0,0.0,-0.16815061460383857
2016/12/31 05:37:25.543,[org.usfirst.frc.team5461.robot.subsystems.DriveTrainLeft] INFO,-0.25984251968503935,0.0,0.0,0.0,-0.23904116578494095
2016/12/31 05:37:25.562,[org.usfirst.frc.team5461.robot.subsystems.DriveTrainLeft] INFO,-0.2677165354330709,0.0,0.0,0.0,-0.23904116578494095
2016/12/31 05:37:25.581,[org.usfirst.frc.team5461.robot.subsystems.DriveTrainLeft] INFO,-0.2677165354330709,0.0,0.0,0.0,-0.23904116578494095
2016/12/31 05:37:25.601,[org.usfirst.frc.team5461.robot.subsystems.DriveTrainLeft] INFO,-0.2677165354330709,0.0,0.0,0.0,-0.26268998468257876
2016/12/31 05:37:25.624,[org.usfirst.frc.team5461.robot.subsystems.DriveTrainLeft] INFO,-0.2677165354330709,0.0,0.0,0.0,-0.26268998468257876
2016/12/31 05:37:25.643,[org.usfirst.frc.team5461.robot.subsystems.DriveTrainLeft] INFO,-0.2677165354330709,0.0,0.0,0.0,-0.26271675633612207
2016/12/31 05:37:25.662,[org.usfirst.frc.team5461.robot.subsystems.DriveTrainLeft] INFO,-0.2677165354330709,0.0,0.0,0.0,-0.26271675633612207
2016/12/31 05:37:25.682,[org.usfirst.frc.team5461.robot.subsystems.DriveTrainLeft] INFO,-0.2677165354330709,0.0,0.0,0.0,-0.26271675633612207
2016/12/31 05:37:25.702,[org.usfirst.frc.team5461.robot.subsystems.DriveTrainLeft] INFO,-0.2677165354330709,0.078125,0.078125,2.44140625E-4,-0.2627435524037279
2016/12/31 05:37:25.723,[org.usfirst.frc.team5461.robot.subsystems.DriveTrainLeft] INFO,-0.2677165354330709,0.078125,0.078125,2.44140625E-4,-0.2627435524037279
2016/12/31 05:37:25.743,[org.usfirst.frc.team5461.robot.subsystems.DriveTrainLeft] INFO,-0.2677165354330709,0.078125,0.078125,2.44140625E-4,-0.2627703484713337
2016/12/31 05:37:25.761,[org.usfirst.frc.team5461.robot.subsystems.DriveTrainLeft] INFO,-0.2677165354330709,0.078125,0.078125,2.44140625E-4,-0.2627703484713337
2016/12/31 05:37:25.783,[org.usfirst.frc.team5461.robot.subsystems.DriveTrainLeft] INFO,-0.2677165354330709,0.078125,0.078125,2.44140625E-4,-0.2627703484713337
2016/12/31 05:37:25.806,[org.usfirst.frc.team5461.robot.subsystems.DriveTrainLeft] INFO,-0.2677165354330709,0.175,0.175,5.468749999999999E-4,-0.26279717481237697
2016/12/31 05:37:25.821,[org.usfirst.frc.team5461.robot.subsystems.DriveTrainLeft] INFO,-0.2677165354330709,0.175,0.175,5.468749999999999E-4,-0.26279717481237697
2016/12/31 05:37:25.844,[org.usfirst.frc.team5461.robot.subsystems.DriveTrainLeft] INFO,-0.2677165354330709,0.175,0.175,5.468749999999999E-4,-0.2628240011534203
2016/12/31 05:37:25.862,[org.usfirst.frc.team5461.robot.subsystems.DriveTrainLeft] INFO,-0.2677165354330709,0.175,0.175,5.468749999999999E-4,-0.2628240011534203
2016/12/31 05:37:25.883,[org.usfirst.frc.team5461.robot.subsystems.DriveTrainLeft] INFO,-0.2755905511811024,0.175,0.175,5.468749999999999E-4,-0.2628240011534203
2016/12/31 05:37:25.902,[org.usfirst.frc.team5461.robot.subsystems.DriveTrainLeft] INFO,-0.2755905511811024,0.196875,0.196875,6.15234375E-4,-0.2707256374800074
2016/12/31 05:37:25.922,[org.usfirst.frc.team5461.robot.subsystems.DriveTrainLeft] INFO,-0.2755905511811024,0.196875,0.196875,6.15234375E-4,-0.2707256374800074
2016/12/31 05:37:25.944,[org.usfirst.frc.team5461.robot.subsystems.DriveTrainLeft] INFO,-0.29133858267716534,0.196875,0.196875,6.15234375E-4,-0.270753258058563
2016/12/31 05:37:25.962,[org.usfirst.frc.team5461.robot.subsystems.DriveTrainLeft] INFO,-0.2992125984251969,0.196875,0.196875,6.15234375E-4,-0.270753258058563
2016/12/31 05:37:25.985,[org.usfirst.frc.team5461.robot.subsystems.DriveTrainLeft] INFO,-0.31496062992125984,0.196875,0.196875,6.15234375E-4,-0.270753258058563
2016/12/31 05:37:26.011,[org.usfirst.frc.team5461.robot.subsystems.DriveTrainLeft] INFO,-0.3228346456692913,0.196875,0.196875,6.15234375E-4,-0.3101548943851501
2016/12/31 05:37:26.023,[org.usfirst.frc.team5461.robot.subsystems.DriveTrainLeft] INFO,-0.3464566929133858,0.196875,0.196875,6.15234375E-4,-0.3101548943851501
2016/12/31 05:37:26.044,[org.usfirst.frc.team5461.robot.subsystems.DriveTrainLeft] INFO,-0.3543307086614173,0.209375,0.209375,6.54296875E-4,-0.3416856684762549
2016/12/31 05:37:26.062,[org.usfirst.frc.team5461.robot.subsystems.DriveTrainLeft] INFO,-0.3858267716535433,0.209375,0.209375,6.54296875E-4,-0.3416856684762549
2016/12/31 05:37:26.082,[org.usfirst.frc.team5461.robot.subsystems.DriveTrainLeft] INFO,-0.4094488188976378,0.209375,0.209375,6.54296875E-4,-0.3416856684762549
2016/12/31 05:37:26.102,[org.usfirst.frc.team5461.robot.subsystems.DriveTrainLeft] INFO,-0.4251968503937008,0.209375,0.209375,6.54296875E-4,-0.40471880477208416
2016/12/31 05:37:26.122,[org.usfirst.frc.team5461.robot.subsystems.DriveTrainLeft] INFO,-0.44881889763779526,0.209375,0.209375,6.54296875E-4,-0.40471880477208416
2016/12/31 05:37:26.144,[org.usfirst.frc.team5461.robot.subsystems.DriveTrainLeft] INFO,-0.48031496062992124,0.2375,0.2375,7.421875E-4,-0.44413383962075537
2016/12/31 05:37:26.162,[org.usfirst.frc.team5461.robot.subsystems.DriveTrainLeft] INFO,-0.5196850393700787,0.2375,0.2375,7.421875E-4,-0.44413383962075537
2016/12/31 05:37:26.182,[org.usfirst.frc.team5461.robot.subsystems.DriveTrainLeft] INFO,-0.5669291338582677,0.2375,0.2375,7.421875E-4,-0.44413383962075537
2016/12/31 05:37:26.202,[org.usfirst.frc.team5461.robot.subsystems.DriveTrainLeft] INFO,-0.5905511811023622,0.2375,0.2375,7.421875E-4,-0.5623008429733637
2016/12/31 05:37:26.222,[org.usfirst.frc.team5461.robot.subsystems.DriveTrainLeft] INFO,-0.6062992125984252,0.2375,0.2375,7.421875E-4,-0.5623008429733637
2016/12/31 05:37:26.244,[org.usfirst.frc.team5461.robot.subsystems.DriveTrainLeft] INFO,-0.6141732283464567,0.2375,0.2375,7.421875E-4,-0.601731625853531
2016/12/31 05:37:26.262,[org.usfirst.frc.team5461.robot.subsystems.DriveTrainLeft] INFO,-0.6141732283464567,0.2375,0.2375,7.421875E-4,-0.601731625853531
2016/12/31 05:37:26.282,[org.usfirst.frc.team5461.robot.subsystems.DriveTrainLeft] INFO,-0.6220472440944882,0.2375,0.2375,7.421875E-4,-0.601731625853531
2016/12/31 05:37:26.302,[org.usfirst.frc.team5461.robot.subsystems.DriveTrainLeft] INFO,-0.6220472440944882,0.325,0.325,0.001015625,-0.6175419636365035
2016/12/31 05:37:26.322,[org.usfirst.frc.team5461.robot.subsystems.DriveTrainLeft] INFO,-0.6220472440944882,0.325,0.325,0.001015625,-0.6175419636365035
2016/12/31 05:37:26.346,[org.usfirst.frc.team5461.robot.subsystems.DriveTrainLeft] INFO,-0.6220472440944882,0.325,0.325,0.001015625,-0.6176042699234129
2016/12/31 05:37:26.362,[org.usfirst.frc.team5461.robot.subsystems.DriveTrainLeft] INFO,-0.6220472440944882,0.325,0.325,0.001015625,-0.6176042699234129
2016/12/31 05:37:26.381,[org.usfirst.frc.team5461.robot.subsystems.DriveTrainLeft] INFO,-0.6220472440944882,0.325,0.325,0.001015625,-0.6176042699234129
2016/12/31 05:37:26.402,[org.usfirst.frc.team5461.robot.subsystems.DriveTrainLeft] INFO,-0.6220472440944882,0.46875,0.46875,0.00146484375,-0.6176666211321974
2016/12/31 05:37:26.422,[org.usfirst.frc.team5461.robot.subsystems.DriveTrainLeft] INFO,-0.6220472440944882,0.46875,0.46875,0.00146484375,-0.6176666211321974
2016/12/31 05:37:26.445,[org.usfirst.frc.team5461.robot.subsystems.DriveTrainLeft] INFO,-0.6220472440944882,0.46875,0.46875,0.00146484375,-0.6177289723409818
2016/12/31 05:37:26.463,[org.usfirst.frc.team5461.robot.subsystems.DriveTrainLeft] INFO,-0.6220472440944882,0.46875,0.46875,0.00146484375,-0.6177289723409818
2016/12/31 05:37:26.483,[org.usfirst.frc.team5461.robot.subsystems.DriveTrainLeft] INFO,-0.6220472440944882,0.46875,0.46875,0.00146484375,-0.6177289723409818
2016/12/31 05:37:26.501,[org.usfirst.frc.team5461.robot.subsystems.DriveTrainLeft] INFO,-0.6220472440944882,0.553125,0.553125,0.001728515625,-0.6177913499169537
2016/12/31 05:37:26.523,[org.usfirst.frc.team5461.robot.subsystems.DriveTrainLeft] INFO,-0.6220472440944882,0.553125,0.553125,0.001728515625,-0.6177913499169537
2016/12/31 05:37:26.544,[org.usfirst.frc.team5461.robot.subsystems.DriveTrainLeft] INFO,-0.6220472440944882,0.553125,0.553125,0.001728515625,-0.6178537274929257
2016/12/31 05:37:26.562,[org.usfirst.frc.team5461.robot.subsystems.DriveTrainLeft] INFO,-0.6220472440944882,0.553125,0.553125,0.001728515625,-0.6178537274929257
2016/12/31 05:37:26.581,[org.usfirst.frc.team5461.robot.subsystems.DriveTrainLeft] INFO,-0.6299212598425197,0.553125,0.553125,0.001728515625,-0.6178537274929257
2016/12/31 05:37:26.602,[org.usfirst.frc.team5461.robot.subsystems.DriveTrainLeft] INFO,-0.6299212598425197,0.553125,0.553125,0.001728515625,-0.6257909082185039
2016/12/31 05:37:26.622,[org.usfirst.frc.team5461.robot.subsystems.DriveTrainLeft] INFO,-0.6377952755905512,0.553125,0.553125,0.001728515625,-0.6257909082185039
2016/12/31 05:37:26.645,[org.usfirst.frc.team5461.robot.subsystems.DriveTrainLeft] INFO,-0.6456692913385826,0.578125,0.578125,0.001806640625,-0.633728884158157
2016/12/31 05:37:26.663,[org.usfirst.frc.team5461.robot.subsystems.DriveTrainLeft] INFO,-0.6614173228346457,0.578125,0.578125,0.001806640625,-0.633728884158157
2016/12/31 05:37:26.682,[org.usfirst.frc.team5461.robot.subsystems.DriveTrainLeft] INFO,-0.6929133858267716,0.578125,0.578125,0.001806640625,-0.633728884158157
2016/12/31 05:37:26.703,[org.usfirst.frc.team5461.robot.subsystems.DriveTrainLeft] INFO,-0.7086614173228346,0.578125,0.578125,0.001806640625,-0.6889164663970226
2016/12/31 05:37:26.722,[org.usfirst.frc.team5461.robot.subsystems.DriveTrainLeft] INFO,-0.7401574803149606,0.578125,0.578125,0.001806640625,-0.6889164663970226
2016/12/31 05:37:26.744,[org.usfirst.frc.team5461.robot.subsystems.DriveTrainLeft] INFO,-0.7637795275590551,0.58125,0.58125,0.00181640625,-0.7362347582738681
2016/12/31 05:37:26.762,[org.usfirst.frc.team5461.robot.subsystems.DriveTrainLeft] INFO,-0.7795275590551181,0.58125,0.58125,0.00181640625,-0.7362347582738681
2016/12/31 05:37:26.782,[org.usfirst.frc.team5461.robot.subsystems.DriveTrainLeft] INFO,-0.8031496062992126,0.58125,0.58125,0.00181640625,-0.7362347582738681
2016/12/31 05:37:26.804,[org.usfirst.frc.team5461.robot.subsystems.DriveTrainLeft] INFO,-0.8188976377952756,0.58125,0.58125,0.00181640625,-0.799307380859375
2016/12/31 05:37:26.822,[org.usfirst.frc.team5461.robot.subsystems.DriveTrainLeft] INFO,-0.84251968503937,0.58125,0.58125,0.00181640625,-0.799307380859375
2016/12/31 05:37:26.845,[org.usfirst.frc.team5461.robot.subsystems.DriveTrainLeft] INFO,-0.8582677165354331,0.634375,0.634375,0.0019824218750000002,-0.8387619098102239
2016/12/31 05:37:26.862,[org.usfirst.frc.team5461.robot.subsystems.DriveTrainLeft] INFO,-0.8661417322834646,0.634375,0.634375,0.0019824218750000002,-0.8387619098102239
2016/12/31 05:37:26.882,[org.usfirst.frc.team5461.robot.subsystems.DriveTrainLeft] INFO,-0.8661417322834646,0.634375,0.634375,0.0019824218750000002,-0.8387619098102239
2016/12/31 05:37:26.902,[org.usfirst.frc.team5461.robot.subsystems.DriveTrainLeft] INFO,-0.8740157480314961,0.634375,0.634375,0.0019824218750000002,-0.8624707694697342
2016/12/31 05:37:26.922,[org.usfirst.frc.team5461.robot.subsystems.DriveTrainLeft] INFO,-0.889763779527559,0.634375,0.634375,0.0019824218750000002,-0.8624707694697342
2016/12/31 05:37:26.946,[org.usfirst.frc.team5461.robot.subsystems.DriveTrainLeft] INFO,-0.8976377952755905,0.634375,0.634375,0.0019824218750000002,-0.886181991333969
2016/12/31 05:37:26.961,[org.usfirst.frc.team5461.robot.subsystems.DriveTrainLeft] INFO,-0.8976377952755905,0.634375,0.634375,0.0019824218750000002,-0.886181991333969
2016/12/31 05:37:26.981,[org.usfirst.frc.team5461.robot.subsystems.DriveTrainLeft] INFO,-0.905511811023622,0.634375,0.634375,0.0019824218750000002,-0.886181991333969
2016/12/31 05:37:27.003,[org.usfirst.frc.team5461.robot.subsystems.DriveTrainLeft] INFO,-0.9212598425196851,0.728125,0.728125,0.002275390625,-0.9020208015501968
2016/12/31 05:37:27.022,[org.usfirst.frc.team5461.robot.subsystems.DriveTrainLeft] INFO,-0.952755905511811,0.728125,0.728125,0.002275390625,-0.9020208015501968
2016/12/31 05:37:27.044,[org.usfirst.frc.team5461.robot.subsystems.DriveTrainLeft] INFO,-0.9763779527559056,0.728125,0.728125,0.002275390625,-0.9493603991679995
2016/12/31 05:37:27.062,[org.usfirst.frc.team5461.robot.subsystems.DriveTrainLeft] INFO,-1.0,0.728125,0.728125,0.002275390625,-0.9493603991679995
2016/12/31 05:37:27.083,[org.usfirst.frc.team5461.robot.subsystems.DriveTrainLeft] INFO,-1.0,0.728125,0.728125,0.002275390625,-0.9493603991679995
2016/12/31 05:37:27.102,[org.usfirst.frc.team5461.robot.subsystems.DriveTrainLeft] INFO,-1.0,0.81875,0.81875,0.00255859375,-0.9967047495155635
2016/12/31 05:37:27.122,[org.usfirst.frc.team5461.robot.subsystems.DriveTrainLeft] INFO,-1.0,0.81875,0.81875,0.00255859375,-0.9967047495155635
2016/12/31 05:37:27.142,[org.usfirst.frc.team5461.robot.subsystems.DriveTrainLeft] INFO,-1.0,0.81875,0.81875,0.00255859375,-0.9968050053749384
2016/12/31 05:37:27.164,[org.usfirst.frc.team5461.robot.subsystems.DriveTrainLeft] INFO,-1.0,0.81875,0.81875,0.00255859375,-0.9968050053749384
2016/12/31 05:37:27.182,[org.usfirst.frc.team5461.robot.subsystems.DriveTrainLeft] INFO,-1.0,0.81875,0.81875,0.00255859375,-0.9968050053749384
2016/12/31 05:37:27.203,[org.usfirst.frc.team5461.robot.subsystems.DriveTrainLeft] INFO,-1.0,0.81875,0.81875,0.00255859375,-0.9969052612343134
2016/12/31 05:37:27.222,[org.usfirst.frc.team5461.robot.subsystems.DriveTrainLeft] INFO,-1.0,0.81875,0.81875,0.00255859375,-0.9969052612343134
2016/12/31 05:37:27.244,[org.usfirst.frc.team5461.robot.subsystems.DriveTrainLeft] INFO,-1.0,0.89375,0.89375,0.0027929687500000003,-0.9970055405311885
2016/12/31 05:37:27.261,[org.usfirst.frc.team5461.robot.subsystems.DriveTrainLeft] INFO,-1.0,0.89375,0.89375,0.0027929687500000003,-0.9970055405311885
2016/12/31 05:37:27.281,[org.usfirst.frc.team5461.robot.subsystems.DriveTrainLeft] INFO,-1.0,0.89375,0.89375,0.0027929687500000003,-0.9970055405311885
2016/12/31 05:37:27.302,[org.usfirst.frc.team5461.robot.subsystems.DriveTrainLeft] INFO,-1.0,0.89375,0.89375,0.0027929687500000003,-0.9971058198280635
2016/12/31 05:37:27.322,[org.usfirst.frc.team5461.robot.subsystems.DriveTrainLeft] INFO,-1.0,0.89375,0.89375,0.0027929687500000003,-0.9971058198280635
2016/12/31 05:37:27.344,[org.usfirst.frc.team5461.robot.subsystems.DriveTrainLeft] INFO,-1.0,0.95,0.95,0.00296875,-0.9972061167030635
2016/12/31 05:37:27.361,[org.usfirst.frc.team5461.robot.subsystems.DriveTrainLeft] INFO,-1.0,0.95,0.95,0.00296875,-0.9972061167030635
2016/12/31 05:37:27.381,[org.usfirst.frc.team5461.robot.subsystems.DriveTrainLeft] INFO,-1.0,0.95,0.95,0.00296875,-0.9972061167030635
2016/12/31 05:37:27.401,[org.usfirst.frc.team5461.robot.subsystems.DriveTrainLeft] INFO,-1.0,0.95,0.95,0.00296875,-0.9973064135780635
2016/12/31 05:37:27.422,[org.usfirst.frc.team5461.robot.subsystems.DriveTrainLeft] INFO,-1.0,0.95,0.95,0.00296875,-0.9973064135780635
2016/12/31 05:37:27.442,[org.usfirst.frc.team5461.robot.subsystems.DriveTrainLeft] INFO,-1.0,0.971875,0.971875,0.0030371093750000003,-0.997406717289001
2016/12/31 05:37:27.461,[org.usfirst.frc.team5461.robot.subsystems.DriveTrainLeft] INFO,-1.0,0.971875,0.971875,0.0030371093750000003,-0.997406717289001
2016/12/31 05:37:27.481,[org.usfirst.frc.team5461.robot.subsystems.DriveTrainLeft] INFO,-1.0,0.971875,0.971875,0.0030371093750000003,-0.997406717289001
2016/12/31 05:37:27.501,[org.usfirst.frc.team5461.robot.subsystems.DriveTrainLeft] INFO,-1.0,0.971875,0.971875,0.0030371093750000003,-0.9975070209999385
2016/12/31 05:37:27.521,[org.usfirst.frc.team5461.robot.subsystems.DriveTrainLeft] INFO,-1.0,0.971875,0.971875,0.0030371093750000003,-0.9975070209999385
2016/12/31 05:37:27.544,[org.usfirst.frc.team5461.robot.subsystems.DriveTrainLeft] INFO,-1.0,0.971875,0.971875,0.0030371093750000003,-0.997607324710876
2016/12/31 05:37:27.561,[org.usfirst.frc.team5461.robot.subsystems.DriveTrainLeft] INFO,-1.0,0.971875,0.971875,0.0030371093750000003,-0.997607324710876
2016/12/31 05:37:27.581,[org.usfirst.frc.team5461.robot.subsystems.DriveTrainLeft] INFO,-1.0,0.971875,0.971875,0.0030371093750000003,-0.997607324710876
2016/12/31 05:37:27.603,[org.usfirst.frc.team5461.robot.subsystems.DriveTrainLeft] INFO,-1.0,0.98125,0.98125,0.0030664062499999997,-0.997707631351501
2016/12/31 05:37:27.623,[org.usfirst.frc.team5461.robot.subsystems.DriveTrainLeft] INFO,-1.0,0.98125,0.98125,0.0030664062499999997,-0.997707631351501
2016/12/31 05:37:27.644,[org.usfirst.frc.team5461.robot.subsystems.DriveTrainLeft] INFO,-1.0,0.98125,0.98125,0.0030664062499999997,-0.997807937992126
2016/12/31 05:37:27.662,[org.usfirst.frc.team5461.robot.subsystems.DriveTrainLeft] INFO,-1.0,0.98125,0.98125,0.0030664062499999997,-0.997807937992126
2016/12/31 05:37:27.682,[org.usfirst.frc.team5461.robot.subsystems.DriveTrainLeft] INFO,-1.0,0.98125,0.98125,0.0030664062499999997,-0.997807937992126
2016/12/31 05:37:27.703,[org.usfirst.frc.team5461.robot.subsystems.DriveTrainLeft] INFO,-1.0,0.98125,0.98125,0.0030664062499999997,-0.997908244632751
2016/12/31 05:37:27.723,[org.usfirst.frc.team5461.robot.subsystems.DriveTrainLeft] INFO,-1.0,0.98125,0.98125,0.0030664062499999997,-0.997908244632751
2016/12/31 05:37:27.744,[org.usfirst.frc.team5461.robot.subsystems.DriveTrainLeft] INFO,-1.0,0.98125,0.98125,0.0030664062499999997,-0.998008551273376
2016/12/31 05:37:27.764,[org.usfirst.frc.team5461.robot.subsystems.DriveTrainLeft] INFO,-1.0,0.98125,0.98125,0.0030664062499999997,-0.998008551273376
2016/12/31 05:37:27.782,[org.usfirst.frc.team5461.robot.subsystems.DriveTrainLeft] INFO,-1.0,0.98125,0.98125,0.0030664062499999997,-0.998008551273376
2016/12/31 05:37:27.802,[org.usfirst.frc.team5461.robot.subsystems.DriveTrainLeft] INFO,-1.0,0.98125,0.98125,0.0030664062499999997,-0.998108857914001
2016/12/31 05:37:27.822,[org.usfirst.frc.team5461.robot.subsystems.DriveTrainLeft] INFO,-1.0,0.98125,0.98125,0.0030664062499999997,-0.998108857914001
2016/12/31 05:37:27.842,[org.usfirst.frc.team5461.robot.subsystems.DriveTrainLeft] INFO,-1.0,0.98125,0.98125,0.0030664062499999997,-0.998108857914001
2016/12/31 05:37:27.862,[org.usfirst.frc.team5461.robot.subsystems.DriveTrainLeft] INFO,-1.0,0.98125,0.98125,0.0030664062499999997,-0.9982091645546259
2016/12/31 05:37:27.882,[org.usfirst.frc.team5461.robot.subsystems.DriveTrainLeft] INFO,-1.0,0.98125,0.98125,0.0030664062499999997,-0.9982091645546259
2016/12/31 05:37:27.903,[org.usfirst.frc.team5461.robot.subsystems.DriveTrainLeft] INFO,-1.0,0.98125,0.98125,0.0030664062499999997,-0.9983094711952509
2016/12/31 05:37:27.922,[org.usfirst.frc.team5461.robot.subsystems.DriveTrainLeft] INFO,-1.0,0.98125,0.98125,0.0030664062499999997,-0.9983094711952509
2016/12/31 05:37:27.944,[org.usfirst.frc.team5461.robot.subsystems.DriveTrainLeft] INFO,-1.0,0.984375,0.984375,0.003076171875,-0.9984097788124385
2016/12/31 05:37:27.963,[org.usfirst.frc.team5461.robot.subsystems.DriveTrainLeft] INFO,-1.0,0.984375,0.984375,0.003076171875,-0.9984097788124385
2016/12/31 05:37:27.983,[org.usfirst.frc.team5461.robot.subsystems.DriveTrainLeft] INFO,-1.0,0.984375,0.984375,0.003076171875,-0.9984097788124385
2016/12/31 05:37:28.002,[org.usfirst.frc.team5461.robot.subsystems.DriveTrainLeft] INFO,-1.0,0.984375,0.984375,0.003076171875,-0.998510086429626
2016/12/31 05:37:28.022,[org.usfirst.frc.team5461.robot.subsystems.DriveTrainLeft] INFO,-1.0,0.984375,0.984375,0.003076171875,-0.998510086429626
2016/12/31 05:37:28.044,[org.usfirst.frc.team5461.robot.subsystems.DriveTrainLeft] INFO,-1.0,0.984375,0.984375,0.003076171875,-0.9986103940468135
2016/12/31 05:37:28.062,[org.usfirst.frc.team5461.robot.subsystems.DriveTrainLeft] INFO,-1.0,0.984375,0.984375,0.003076171875,-0.9986103940468135
2016/12/31 05:37:28.081,[org.usfirst.frc.team5461.robot.subsystems.DriveTrainLeft] INFO,-1.0,0.984375,0.984375,0.003076171875,-0.9986103940468135
2016/12/31 05:37:28.102,[org.usfirst.frc.team5461.robot.subsystems.DriveTrainLeft] INFO,-1.0,0.984375,0.984375,0.003076171875,-0.998710701664001
2016/12/31 05:37:28.121,[org.usfirst.frc.team5461.robot.subsystems.DriveTrainLeft] INFO,-1.0,0.984375,0.984375,0.003076171875,-0.998710701664001
2016/12/31 05:37:28.142,[org.usfirst.frc.team5461.robot.subsystems.DriveTrainLeft] INFO,-1.0,0.984375,0.984375,0.003076171875,-0.998710701664001
2016/12/31 05:37:28.161,[org.usfirst.frc.team5461.robot.subsystems.DriveTrainLeft] INFO,-1.0,0.984375,0.984375,0.003076171875,-0.9988110092811885
2016/12/31 05:37:28.181,[org.usfirst.frc.team5461.robot.subsystems.DriveTrainLeft] INFO,-1.0,0.984375,0.984375,0.003076171875,-0.9988110092811885
2016/12/31 05:37:28.201,[org.usfirst.frc.team5461.robot.subsystems.DriveTrainLeft] INFO,-1.0,0.984375,0.984375,0.003076171875,-0.998911316898376
2016/12/31 05:37:28.222,[org.usfirst.frc.team5461.robot.subsystems.DriveTrainLeft] INFO,-1.0,0.984375,0.984375,0.003076171875,-0.998911316898376
2016/12/31 05:37:28.242,[org.usfirst.frc.team5461.robot.subsystems.DriveTrainLeft] INFO,-1.0,0.984375,0.984375,0.003076171875,-0.998911316898376
2016/12/31 05:37:28.262,[org.usfirst.frc.team5461.robot.subsystems.DriveTrainLeft] INFO,-1.0,0.984375,0.984375,0.003076171875,-0.9990116245155635
2016/12/31 05:37:28.283,[org.usfirst.frc.team5461.robot.subsystems.DriveTrainLeft] INFO,-1.0,0.984375,0.984375,0.003076171875,-0.9990116245155635
2016/12/31 05:37:28.302,[org.usfirst.frc.team5461.robot.subsystems.DriveTrainLeft] INFO,-1.0,0.98125,0.98125,0.0030664062499999997,-0.9991119311561885
2016/12/31 05:37:28.323,[org.usfirst.frc.team5461.robot.subsystems.DriveTrainLeft] INFO,-1.0,0.98125,0.98125,0.0030664062499999997,-0.9991119311561885
2016/12/31 05:37:28.342,[org.usfirst.frc.team5461.robot.subsystems.DriveTrainLeft] INFO,-1.0,0.98125,0.98125,0.0030664062499999997,-0.9991119311561885
2016/12/31 05:37:28.362,[org.usfirst.frc.team5461.robot.subsystems.DriveTrainLeft] INFO,-1.0,0.98125,0.98125,0.0030664062499999997,-0.9992122377968135
2016/12/31 05:37:28.382,[org.usfirst.frc.team5461.robot.subsystems.DriveTrainLeft] INFO,-1.0,0.98125,0.98125,0.0030664062499999997,-0.9992122377968135
2016/12/31 05:37:28.402,[org.usfirst.frc.team5461.robot.subsystems.DriveTrainLeft] INFO,-1.0,0.98125,0.98125,0.0030664062499999997,-0.9993125444374384
2016/12/31 05:37:28.422,[org.usfirst.frc.team5461.robot.subsystems.DriveTrainLeft] INFO,-1.0,0.98125,0.98125,0.0030664062499999997,-0.9993125444374384
2016/12/31 05:37:28.443,[org.usfirst.frc.team5461.robot.subsystems.DriveTrainLeft] INFO,-0.7322834645669292,0.98125,0.98125,0.0030664062499999997,-0.9993125444374384
2016/12/31 05:37:28.463,[org.usfirst.frc.team5461.robot.subsystems.DriveTrainLeft] INFO,-0.47244094488188976,0.9875,0.9875,0.0030859375,-0.7316695459445743
2016/12/31 05:37:28.481,[org.usfirst.frc.team5461.robot.subsystems.DriveTrainLeft] INFO,0.0,0.9875,0.9875,0.0030859375,-0.7316695459445743
2016/12/31 05:37:28.502,[org.usfirst.frc.team5461.robot.subsystems.DriveTrainLeft] INFO,0.0,0.9875,0.9875,0.0030859375,6.136100286048226E-4
2016/12/31 05:37:28.523,[org.usfirst.frc.team5461.robot.subsystems.DriveTrainLeft] INFO,0.0,0.9875,0.9875,0.0030859375,6.136100286048226E-4
2016/12/31 05:37:28.542,[org.usfirst.frc.team5461.robot.subsystems.DriveTrainLeft] INFO,0.0,0.9875,0.9875,0.0030859375,6.136100286048226E-4
2016/12/31 05:37:28.562,[org.usfirst.frc.team5461.robot.subsystems.DriveTrainLeft] INFO,0.0,0.96875,0.96875,0.00302734375,6.133072942298226E-4
2016/12/31 05:37:28.582,[org.usfirst.frc.team5461.robot.subsystems.DriveTrainLeft] INFO,0.0,0.96875,0.96875,0.00302734375,6.133072942298226E-4
2016/12/31 05:37:28.603,[org.usfirst.frc.team5461.robot.subsystems.DriveTrainLeft] INFO,0.0,0.96875,0.96875,0.00302734375,6.130045598548226E-4
2016/12/31 05:37:28.629,[org.usfirst.frc.team5461.robot.subsystems.DriveTrainLeft] INFO,0.0,0.96875,0.96875,0.00302734375,6.130045598548226E-4
2016/12/31 05:37:28.643,[org.usfirst.frc.team5461.robot.subsystems.DriveTrainLeft] INFO,0.0,0.96875,0.96875,0.00302734375,6.130045598548226E-4
2016/12/31 05:37:28.662,[org.usfirst.frc.team5461.robot.subsystems.DriveTrainLeft] INFO,0.0,0.8375,0.8375,0.0026171875,6.127428411048225E-4
2016/12/31 05:37:28.682,[org.usfirst.frc.team5461.robot.subsystems.DriveTrainLeft] INFO,0.0,0.8375,0.8375,0.0026171875,6.127428411048225E-4
2016/12/31 05:37:28.703,[org.usfirst.frc.team5461.robot.subsystems.DriveTrainLeft] INFO,0.0,0.8375,0.8375,0.0026171875,6.124811223548225E-4
2016/12/31 05:37:28.723,[org.usfirst.frc.team5461.robot.subsystems.DriveTrainLeft] INFO,0.0,0.8375,0.8375,0.0026171875,6.124811223548225E-4
2016/12/31 05:37:28.741,[org.usfirst.frc.team5461.robot.subsystems.DriveTrainLeft] INFO,0.0,0.8375,0.8375,0.0026171875,6.124811223548225E-4
2016/12/31 05:37:28.761,[org.usfirst.frc.team5461.robot.subsystems.DriveTrainLeft] INFO,0.0,0.8375,0.8375,0.0026171875,6.122194036048224E-4
2016/12/31 05:37:28.781,[org.usfirst.frc.team5461.robot.subsystems.DriveTrainLeft] INFO,0.0,0.8375,0.8375,0.0026171875,6.122194036048224E-4
2016/12/31 05:37:28.804,[org.usfirst.frc.team5461.robot.subsystems.DriveTrainLeft] INFO,0.0,0.734375,0.734375,0.002294921875,6.119899114173224E-4
2016/12/31 05:37:28.842,[org.usfirst.frc.team5461.robot.subsystems.DriveTrainLeft] INFO,0.0,0.734375,0.734375,0.002294921875,6.119899114173224E-4
2016/12/31 05:37:28.862,[org.usfirst.frc.team5461.robot.subsystems.DriveTrainLeft] INFO,0.0,0.734375,0.734375,0.002294921875,6.117604192298223E-4
2016/12/31 05:37:28.881,[org.usfirst.frc.team5461.robot.subsystems.DriveTrainLeft] INFO,0.0,0.734375,0.734375,0.002294921875,6.117604192298223E-4
2016/12/31 05:37:28.903,[org.usfirst.frc.team5461.robot.subsystems.DriveTrainLeft] INFO,0.0,0.621875,0.621875,0.0019433593749999998,6.115660832923224E-4
2016/12/31 05:37:28.922,[org.usfirst.frc.team5461.robot.subsystems.DriveTrainLeft] INFO,0.0,0.621875,0.621875,0.0019433593749999998,6.115660832923224E-4
2016/12/31 05:37:28.941,[org.usfirst.frc.team5461.robot.subsystems.DriveTrainLeft] INFO,0.0,0.621875,0.621875,0.0019433593749999998,6.115660832923224E-4
2016/12/31 05:37:28.962,[org.usfirst.frc.team5461.robot.subsystems.DriveTrainLeft] INFO,0.0,0.621875,0.621875,0.0019433593749999998,6.113717473548224E-4
2016/12/31 05:37:28.982,[org.usfirst.frc.team5461.robot.subsystems.DriveTrainLeft] INFO,0.0,0.621875,0.621875,0.0019433593749999998,6.113717473548224E-4
2016/12/31 05:37:29.004,[org.usfirst.frc.team5461.robot.subsystems.DriveTrainLeft] INFO,0.0,0.621875,0.621875,0.0019433593749999998,6.111774114173225E-4
2016/12/31 05:37:29.023,[org.usfirst.frc.team5461.robot.subsystems.DriveTrainLeft] INFO,0.0,0.621875,0.621875,0.0019433593749999998,6.111774114173225E-4
2016/12/31 05:37:29.042,[org.usfirst.frc.team5461.robot.subsystems.DriveTrainLeft] INFO,0.0,0.621875,0.621875,0.0019433593749999998,6.111774114173225E-4
2016/12/31 05:37:29.062,[org.usfirst.frc.team5461.robot.subsystems.DriveTrainLeft] INFO,0.0,0.525,0.525,0.0016406250000000002,6.110133489173224E-4
2016/12/31 05:37:29.082,[org.usfirst.frc.team5461.robot.subsystems.DriveTrainLeft] INFO,0.0,0.525,0.525,0.0016406250000000002,6.110133489173224E-4
2016/12/31 05:37:29.104,[org.usfirst.frc.team5461.robot.subsystems.DriveTrainLeft] INFO,0.0,0.525,0.525,0.0016406250000000002,6.108492864173224E-4
2016/12/31 05:37:29.122,[org.usfirst.frc.team5461.robot.subsystems.DriveTrainLeft] INFO,0.0,0.525,0.525,0.0016406250000000002,6.108492864173224E-4
2016/12/31 05:37:29.142,[org.usfirst.frc.team5461.robot.subsystems.DriveTrainLeft] INFO,0.0,0.525,0.525,0.0016406250000000002,6.108492864173224E-4
2016/12/31 05:37:29.163,[org.usfirst.frc.team5461.robot.subsystems.DriveTrainLeft] INFO,0.0,0.421875,0.421875,0.001318359375,6.107174504798224E-4
2016/12/31 05:37:29.181,[org.usfirst.frc.team5461.robot.subsystems.DriveTrainLeft] INFO,0.0,0.421875,0.421875,0.001318359375,6.107174504798224E-4
2016/12/31 05:37:29.203,[org.usfirst.frc.team5461.robot.subsystems.DriveTrainLeft] INFO,0.0,0.421875,0.421875,0.001318359375,6.105856145423223E-4
2016/12/31 05:37:29.222,[org.usfirst.frc.team5461.robot.subsystems.DriveTrainLeft] INFO,0.0,0.421875,0.421875,0.001318359375,6.105856145423223E-4
2016/12/31 05:37:29.243,[org.usfirst.frc.team5461.robot.subsystems.DriveTrainLeft] INFO,0.0,0.421875,0.421875,0.001318359375,6.105856145423223E-4
2016/12/31 05:37:29.262,[org.usfirst.frc.team5461.robot.subsystems.DriveTrainLeft] INFO,0.0,0.328125,0.328125,0.001025390625,6.104830754798224E-4
2016/12/31 05:37:29.281,[org.usfirst.frc.team5461.robot.subsystems.DriveTrainLeft] INFO,0.0,0.328125,0.328125,0.001025390625,6.104830754798224E-4
2016/12/31 05:37:29.304,[org.usfirst.frc.team5461.robot.subsystems.DriveTrainLeft] INFO,0.0,0.328125,0.328125,0.001025390625,6.103805364173223E-4
2016/12/31 05:37:29.322,[org.usfirst.frc.team5461.robot.subsystems.DriveTrainLeft] INFO,0.0,0.328125,0.328125,0.001025390625,6.103805364173223E-4
2016/12/31 05:37:29.342,[org.usfirst.frc.team5461.robot.subsystems.DriveTrainLeft] INFO,0.0,0.328125,0.328125,0.001025390625,6.103805364173223E-4
2016/12/31 05:37:29.361,[org.usfirst.frc.team5461.robot.subsystems.DriveTrainLeft] INFO,0.0,0.328125,0.328125,0.001025390625,6.102779973548223E-4
2016/12/31 05:37:29.381,[org.usfirst.frc.team5461.robot.subsystems.DriveTrainLeft] INFO,0.0,0.328125,0.328125,0.001025390625,6.102779973548223E-4
2016/12/31 05:37:29.403,[org.usfirst.frc.team5461.robot.subsystems.DriveTrainLeft] INFO,0.0,0.24375,0.24375,7.6171875E-4,6.102018254798223E-4
2016/12/31 05:37:29.422,[org.usfirst.frc.team5461.robot.subsystems.DriveTrainLeft] INFO,0.0,0.24375,0.24375,7.6171875E-4,6.102018254798223E-4
2016/12/31 05:37:29.441,[org.usfirst.frc.team5461.robot.subsystems.DriveTrainLeft] INFO,0.0,0.24375,0.24375,7.6171875E-4,6.102018254798223E-4
2016/12/31 05:37:29.462,[org.usfirst.frc.team5461.robot.subsystems.DriveTrainLeft] INFO,0.0,0.24375,0.24375,7.6171875E-4,6.101256536048223E-4
2016/12/31 05:37:29.481,[org.usfirst.frc.team5461.robot.subsystems.DriveTrainLeft] INFO,0.0,0.24375,0.24375,7.6171875E-4,6.101256536048223E-4
2016/12/31 05:37:29.504,[org.usfirst.frc.team5461.robot.subsystems.DriveTrainLeft] INFO,0.0,0.16875,0.16875,5.2734375E-4,6.100729192298223E-4
2016/12/31 05:37:29.521,[org.usfirst.frc.team5461.robot.subsystems.DriveTrainLeft] INFO,0.0,0.16875,0.16875,5.2734375E-4,6.100729192298223E-4
2016/12/31 05:37:29.543,[org.usfirst.frc.team5461.robot.subsystems.DriveTrainLeft] INFO,0.0,0.16875,0.16875,5.2734375E-4,6.100729192298223E-4
2016/12/31 05:37:29.561,[org.usfirst.frc.team5461.robot.subsystems.DriveTrainLeft] INFO,0.0,0.16875,0.16875,5.2734375E-4,6.100201848548223E-4
2016/12/31 05:37:29.581,[org.usfirst.frc.team5461.robot.subsystems.DriveTrainLeft] INFO,0.0,0.16875,0.16875,5.2734375E-4,6.100201848548223E-4
2016/12/31 05:37:29.603,[org.usfirst.frc.team5461.robot.subsystems.DriveTrainLeft] INFO,0.0,0.16875,0.16875,5.2734375E-4,6.099674504798224E-4
2016/12/31 05:37:29.622,[org.usfirst.frc.team5461.robot.subsystems.DriveTrainLeft] INFO,0.0,0.16875,0.16875,5.2734375E-4,6.099674504798224E-4
2016/12/31 05:37:29.641,[org.usfirst.frc.team5461.robot.subsystems.DriveTrainLeft] INFO,0.0,0.16875,0.16875,5.2734375E-4,6.099674504798224E-4
2016/12/31 05:37:29.662,[org.usfirst.frc.team5461.robot.subsystems.DriveTrainLeft] INFO,0.0,0.0875,0.0875,2.7343749999999997E-4,6.099401067298224E-4
2016/12/31 05:37:29.682,[org.usfirst.frc.team5461.robot.subsystems.DriveTrainLeft] INFO,0.0,0.0875,0.0875,2.7343749999999997E-4,6.099401067298224E-4
2016/12/31 05:37:29.703,[org.usfirst.frc.team5461.robot.subsystems.DriveTrainLeft] INFO,0.0,0.0875,0.0875,2.7343749999999997E-4,6.099127629798223E-4
2016/12/31 05:37:29.722,[org.usfirst.frc.team5461.robot.subsystems.DriveTrainLeft] INFO,0.0,0.0875,0.0875,2.7343749999999997E-4,6.099127629798223E-4
2016/12/31 05:37:29.741,[org.usfirst.frc.team5461.robot.subsystems.DriveTrainLeft] INFO,0.0,0.0875,0.0875,2.7343749999999997E-4,6.099127629798223E-4
2016/12/31 05:37:29.762,[org.usfirst.frc.team5461.robot.subsystems.DriveTrainLeft] INFO,0.0,0.0125,0.0125,3.90625E-5,6.099088567298224E-4
2016/12/31 05:37:29.782,[org.usfirst.frc.team5461.robot.subsystems.DriveTrainLeft] INFO,0.0,0.0125,0.0125,3.90625E-5,6.099088567298224E-4
2016/12/31 05:37:29.804,[org.usfirst.frc.team5461.robot.subsystems.DriveTrainLeft] INFO,0.0,0.0125,0.0125,3.90625E-5,6.099049504798224E-4
2016/12/31 05:37:29.823,[org.usfirst.frc.team5461.robot.subsystems.DriveTrainLeft] INFO,0.0,0.0125,0.0125,3.90625E-5,6.099049504798224E-4
2016/12/31 05:37:29.842,[org.usfirst.frc.team5461.robot.subsystems.DriveTrainLeft] INFO,0.0,0.0125,0.0125,3.90625E-5,6.099049504798224E-4
2016/12/31 05:37:29.862,[org.usfirst.frc.team5461.robot.subsystems.DriveTrainLeft] INFO,0.0,0.0,0.0,0.0,6.099049504798224E-4
2016/12/31 05:37:29.882,[org.usfirst.frc.team5461.robot.subsystems.DriveTrainLeft] INFO,0.0,0.0,0.0,0.0,6.099049504798224E-4
2016/12/31 05:37:29.904,[org.usfirst.frc.team5461.robot.subsystems.DriveTrainLeft] INFO,0.0,0.0,0.0,0.0,6.099049504798224E-4
2016/12/31 05:37:29.922,[org.usfirst.frc.team5461.robot.subsystems.DriveTrainLeft] INFO,0.0,0.0,0.0,0.0,6.099049504798224E-4
2016/12/31 05:37:29.942,[org.usfirst.frc.team5461.robot.subsystems.DriveTrainLeft] INFO,0.0,0.0,0.0,0.0,6.099049504798224E-4
2016/12/31 05:37:29.962,[org.usfirst.frc.team5461.robot.subsystems.DriveTrainLeft] INFO,0.0,0.0,0.0,0.0,6.099049504798224E-4
2016/12/31 05:37:29.982,[org.usfirst.frc.team5461.robot.subsystems.DriveTrainLeft] INFO,0.0,0.0,0.0,0.0,6.099049504798224E-4
2016/12/31 05:37:30.004,[org.usfirst.frc.team5461.robot.subsystems.DriveTrainLeft] INFO,0.0,0.0,0.0,0.0,6.099049504798224E-4
2016/12/31 05:37:30.022,[org.usfirst.frc.team5461.robot.subsystems.DriveTrainLeft] INFO,0.0,0.0,0.0,0.0,6.099049504798224E-4
2016/12/31 05:37:30.041,[org.usfirst.frc.team5461.robot.subsystems.DriveTrainLeft] INFO,0.0,0.0,0.0,0.0,6.099049504798224E-4
2016/12/31 05:37:30.062,[org.usfirst.frc.team5461.robot.subsystems.DriveTrainLeft] INFO,0.0,0.0,0.0,0.0,6.099049504798224E-4
2016/12/31 05:37:30.082,[org.usfirst.frc.team5461.robot.subsystems.DriveTrainLeft] INFO,0.0,0.0,0.0,0.0,6.099049504798224E-4
2016/12/31 05:37:30.104,[org.usfirst.frc.team5461.robot.subsystems.DriveTrainLeft] INFO,0.0,0.0,0.0,0.0,6.099049504798224E-4
2016/12/31 05:37:30.122,[org.usfirst.frc.team5461.robot.subsystems.DriveTrainLeft] INFO,0.0,0.0,0.0,0.0,6.099049504798224E-4
2016/12/31 05:37:30.141,[org.usfirst.frc.team5461.robot.subsystems.DriveTrainLeft] INFO,0.0,0.0,0.0,0.0,6.099049504798224E-4
2016/12/31 05:37:30.162,[org.usfirst.frc.team5461.robot.subsystems.DriveTrainLeft] INFO,0.0,0.0,0.0,0.0,6.099049504798224E-4
2016/12/31 05:37:30.183,[org.usfirst.frc.team5461.robot.subsystems.DriveTrainLeft] INFO,0.0,0.0,0.0,0.0,6.099049504798224E-4
2016/12/31 05:37:30.204,[org.usfirst.frc.team5461.robot.subsystems.DriveTrainLeft] INFO,0.0,0.0,0.0,0.0,6.099049504798224E-4
2016/12/31 05:37:30.221,[org.usfirst.frc.team5461.robot.subsystems.DriveTrainLeft] INFO,0.0,0.0,0.0,0.0,6.099049504798224E-4
2016/12/31 05:37:30.241,[org.usfirst.frc.team5461.robot.subsystems.DriveTrainLeft] INFO,0.0,0.0,0.0,0.0,6.099049504798224E-4
2016/12/31 05:37:30.261,[org.usfirst.frc.team5461.robot.subsystems.DriveTrainLeft] INFO,0.0,0.0,0.0,0.0,6.099049504798224E-4
2016/12/31 05:37:30.281,[org.usfirst.frc.team5461.robot.subsystems.DriveTrainLeft] INFO,0.0,0.0,0.0,0.0,6.099049504798224E-4
2016/12/31 05:37:30.306,[org.usfirst.frc.team5461.robot.subsystems.DriveTrainLeft] INFO,0.0,0.0,0.0,0.0,6.099049504798224E-4
2016/12/31 05:37:30.322,[org.usfirst.frc.team5461.robot.subsystems.DriveTrainLeft] INFO,0.0,0.0,0.0,0.0,6.099049504798224E-4
